2025-11-01 14:25:58.539 [info] [main] Log level: Info
2025-11-01 14:25:58.539 [info] [main] Validating found git in: "git"
2025-11-01 14:25:58.539 [info] [main] Using git "2.51.1" from "git"
2025-11-01 14:25:58.539 [info] [Model][doInitialScan] Initial repository scan started
2025-11-01 14:25:58.539 [info] > git rev-parse --show-toplevel [37ms]
2025-11-01 14:25:58.539 [info] > git rev-parse --git-dir --git-common-dir --show-superproject-working-tree [35ms]
2025-11-01 14:25:58.539 [info] [Model][openRepository] Opened repository (path): /home/rick/Desktop/blogs.com
2025-11-01 14:25:58.539 [info] [Model][openRepository] Opened repository (real path): /home/rick/Desktop/blogs.com
2025-11-01 14:25:58.539 [info] [Model][openRepository] Opened repository (kind): repository
2025-11-01 14:25:58.539 [info] > git rev-parse --show-toplevel [30ms]
2025-11-01 14:25:58.539 [info] > git config --get commit.template [43ms]
2025-11-01 14:25:58.539 [info] > git rev-parse --show-toplevel [15ms]
2025-11-01 14:25:58.539 [info] > git for-each-ref --format=%(refname)%00%(upstream:short)%00%(objectname)%00%(upstream:track)%00%(upstream:remotename)%00%(upstream:remoteref) refs/heads/main refs/remotes/main [16ms]
2025-11-01 14:25:58.539 [info] > git rev-parse --show-toplevel [8ms]
2025-11-01 14:25:58.539 [info] > git status -z -uall [15ms]
2025-11-01 14:25:58.539 [info] > git rev-parse --show-toplevel [39ms]
2025-11-01 14:25:58.540 [info] [Model][doInitialScan] Initial repository scan completed - repositories (1), closed repositories (0), parent repositories (0), unsafe repositories (0)
2025-11-01 14:25:58.540 [info] > git for-each-ref --sort -committerdate --format %(refname)%00%(objectname)%00%(*objectname) [5ms]
2025-11-01 14:25:58.540 [info] > git for-each-ref --format=%(refname)%00%(upstream:short)%00%(objectname)%00%(upstream:track)%00%(upstream:remotename)%00%(upstream:remoteref) refs/heads/main refs/remotes/main [10ms]
2025-11-01 14:25:58.540 [info] > git config --get --local branch.main.vscode-merge-base [71ms]
2025-11-01 14:25:58.547 [info] > git for-each-ref --format=%(refname)%00%(upstream:short)%00%(objectname)%00%(upstream:track)%00%(upstream:remotename)%00%(upstream:remoteref) refs/heads/origin/main refs/remotes/origin/main [25ms]
2025-11-01 14:25:58.572 [info] > git config --get commit.template [67ms]
2025-11-01 14:25:58.596 [info] > git for-each-ref --format=%(refname)%00%(upstream:short)%00%(objectname)%00%(upstream:track)%00%(upstream:remotename)%00%(upstream:remoteref) refs/heads/main refs/remotes/main [6ms]
2025-11-01 14:25:58.633 [info] > git status -z -uall [18ms]
2025-11-01 14:25:58.637 [info] > git for-each-ref --sort -committerdate --format %(refname)%00%(objectname)%00%(*objectname) [7ms]
2025-11-01 14:25:58.710 [info] > git merge-base refs/heads/main refs/remotes/origin/main [140ms]
2025-11-01 14:25:58.764 [info] > git merge-base refs/heads/main refs/remotes/origin/main [71ms]
2025-11-01 14:25:58.789 [info] > git diff --name-status -z --diff-filter=ADMR 8382c4b458ea4fa457ae8b37d8a62a976e07cdb6...refs/remotes/origin/main [46ms]
2025-11-01 14:25:59.456 [info] > git diff --name-status -z --diff-filter=ADMR 8382c4b458ea4fa457ae8b37d8a62a976e07cdb6...refs/remotes/origin/main [668ms]
2025-11-01 14:25:59.530 [info] > git check-ignore -v -z --stdin [50ms]
2025-11-01 14:25:59.893 [info] > git show --textconv :src/lib/pg.js [58ms]
2025-11-01 14:25:59.918 [info] > git ls-files --stage -- src/lib/pg.js [60ms]
2025-11-01 14:25:59.929 [info] > git cat-file -s 92d5a7773889f1f6b932cd328b94bc163ef018d3 [3ms]
2025-11-01 14:26:00.238 [info] > git blame --root --incremental 8382c4b458ea4fa457ae8b37d8a62a976e07cdb6 -- src/lib/pg.js [67ms]
2025-11-01 14:26:01.546 [info] > git fetch [3372ms]
2025-11-01 14:26:01.557 [info] > git config --get commit.template [3ms]
2025-11-01 14:26:01.565 [info] > git for-each-ref --format=%(refname)%00%(upstream:short)%00%(objectname)%00%(upstream:track)%00%(upstream:remotename)%00%(upstream:remoteref) refs/heads/main refs/remotes/main [1ms]
2025-11-01 14:26:01.584 [info] > git status -z -uall [9ms]
2025-11-01 14:26:01.587 [info] > git for-each-ref --sort -committerdate --format %(refname)%00%(objectname)%00%(*objectname) [4ms]
2025-11-01 14:26:18.769 [info] > git check-ignore -v -z --stdin [4ms]
2025-11-01 14:28:31.130 [info] > git config --get commit.template [7ms]
2025-11-01 14:28:31.155 [info] > git for-each-ref --format=%(refname)%00%(upstream:short)%00%(objectname)%00%(upstream:track)%00%(upstream:remotename)%00%(upstream:remoteref) refs/heads/main refs/remotes/main [13ms]
2025-11-01 14:28:31.198 [info] > git status -z -uall [26ms]
2025-11-01 14:28:31.199 [info] > git for-each-ref --sort -committerdate --format %(refname)%00%(objectname)%00%(*objectname) [2ms]
2025-11-01 14:28:36.218 [info] > git config --get commit.template [6ms]
2025-11-01 14:28:36.219 [info] > git for-each-ref --format=%(refname)%00%(upstream:short)%00%(objectname)%00%(upstream:track)%00%(upstream:remotename)%00%(upstream:remoteref) refs/heads/main refs/remotes/main [2ms]
2025-11-01 14:28:36.229 [info] > git status -z -uall [6ms]
2025-11-01 14:28:36.230 [info] > git for-each-ref --sort -committerdate --format %(refname)%00%(objectname)%00%(*objectname) [1ms]
2025-11-01 14:33:21.541 [info] > git config --get commit.template [28ms]
2025-11-01 14:33:21.543 [info] > git for-each-ref --format=%(refname)%00%(upstream:short)%00%(objectname)%00%(upstream:track)%00%(upstream:remotename)%00%(upstream:remoteref) refs/heads/main refs/remotes/main [3ms]
2025-11-01 14:33:21.587 [info] > git status -z -uall [33ms]
2025-11-01 14:33:21.588 [info] > git for-each-ref --sort -committerdate --format %(refname)%00%(objectname)%00%(*objectname) [10ms]
2025-11-01 14:33:22.700 [info] > git ls-files --stage -- src/lib/pg.js [1ms]
2025-11-01 14:33:22.706 [info] > git cat-file -s 92d5a7773889f1f6b932cd328b94bc163ef018d3 [1ms]
2025-11-01 14:33:22.715 [info] > git show --textconv :src/lib/pg.js [3ms]
2025-11-01 14:33:25.531 [info] > git fetch [4036ms]
2025-11-01 14:33:25.541 [info] > git config --get commit.template [5ms]
2025-11-01 14:33:25.542 [info] > git for-each-ref --format=%(refname)%00%(upstream:short)%00%(objectname)%00%(upstream:track)%00%(upstream:remotename)%00%(upstream:remoteref) refs/heads/main refs/remotes/main [2ms]
2025-11-01 14:33:25.552 [info] > git status -z -uall [5ms]
2025-11-01 14:33:25.553 [info] > git for-each-ref --sort -committerdate --format %(refname)%00%(objectname)%00%(*objectname) [2ms]
2025-11-01 14:33:26.414 [info] > git ls-files --stage -- src/lib/pg.js [1ms]
2025-11-01 14:33:26.420 [info] > git cat-file -s 92d5a7773889f1f6b932cd328b94bc163ef018d3 [2ms]
2025-11-01 14:33:26.427 [info] > git show --textconv :src/lib/pg.js [2ms]
2025-11-01 14:33:26.612 [info] > git config --get commit.template [6ms]
2025-11-01 14:33:26.613 [info] > git for-each-ref --format=%(refname)%00%(upstream:short)%00%(objectname)%00%(upstream:track)%00%(upstream:remotename)%00%(upstream:remoteref) refs/heads/main refs/remotes/main [2ms]
2025-11-01 14:33:26.629 [info] > git status -z -uall [9ms]
2025-11-01 14:33:26.631 [info] > git for-each-ref --sort -committerdate --format %(refname)%00%(objectname)%00%(*objectname) [3ms]
2025-11-01 14:33:28.235 [info] > git show --textconv :src/app/blog/[slug]/page.jsx [34ms]
2025-11-01 14:33:28.235 [info] > git ls-files --stage -- src/app/blog/[slug]/page.jsx [9ms]
2025-11-01 14:33:28.254 [info] > git cat-file -s 0a4e0226dcaac2ee11aa3782b641ddfd46393d8f [13ms]
2025-11-01 14:33:28.452 [info] > git blame --root --incremental 8382c4b458ea4fa457ae8b37d8a62a976e07cdb6 -- src/app/blog/[slug]/page.jsx [93ms]
2025-11-01 14:33:28.569 [info] > git check-ignore -v -z --stdin [12ms]
2025-11-01 14:33:33.677 [info] > git ls-files --stage -- src/lib/fetchPosts.js [2ms]
2025-11-01 14:33:33.729 [info] > git show --textconv :src/lib/fetchPosts.js [66ms]
2025-11-01 14:33:33.729 [info] > git cat-file -s c2306a01a85c30372750ffb80d8fdc91e35553b1 [43ms]
2025-11-01 14:33:33.832 [info] > git blame --root --incremental 8382c4b458ea4fa457ae8b37d8a62a976e07cdb6 -- src/lib/fetchPosts.js [58ms]
2025-11-01 14:33:56.032 [info] > git config --get commit.template [22ms]
2025-11-01 14:33:56.034 [info] > git for-each-ref --format=%(refname)%00%(upstream:short)%00%(objectname)%00%(upstream:track)%00%(upstream:remotename)%00%(upstream:remoteref) refs/heads/main refs/remotes/main [5ms]
2025-11-01 14:33:56.068 [info] > git status -z -uall [17ms]
2025-11-01 14:33:56.075 [info] > git for-each-ref --sort -committerdate --format %(refname)%00%(objectname)%00%(*objectname) [10ms]
2025-11-01 14:34:01.108 [info] > git config --get commit.template [5ms]
2025-11-01 14:34:01.109 [info] > git for-each-ref --format=%(refname)%00%(upstream:short)%00%(objectname)%00%(upstream:track)%00%(upstream:remotename)%00%(upstream:remoteref) refs/heads/main refs/remotes/main [2ms]
2025-11-01 14:34:01.119 [info] > git status -z -uall [6ms]
2025-11-01 14:34:01.120 [info] > git for-each-ref --sort -committerdate --format %(refname)%00%(objectname)%00%(*objectname) [2ms]
2025-11-01 14:34:24.482 [info] > git show --textconv :src/app/blog/[slug]/page.jsx [58ms]
2025-11-01 14:34:24.483 [info] > git ls-files --stage -- src/app/blog/[slug]/page.jsx [23ms]
2025-11-01 14:34:24.503 [info] > git cat-file -s 0a4e0226dcaac2ee11aa3782b641ddfd46393d8f [13ms]
2025-11-01 14:34:41.942 [info] > git show --textconv :src/app/page.jsx [20ms]
2025-11-01 14:34:41.943 [info] > git ls-files --stage -- src/app/page.jsx [3ms]
2025-11-01 14:34:41.959 [info] > git cat-file -s 41cad520e9a35ad101c9cca440f96b82e561cece [4ms]
2025-11-01 14:34:42.073 [info] > git blame --root --incremental 8382c4b458ea4fa457ae8b37d8a62a976e07cdb6 -- src/app/page.jsx [80ms]
2025-11-01 14:35:00.440 [info] > git show --textconv :src/lib/fetchPosts.js [19ms]
2025-11-01 14:35:00.443 [info] > git ls-files --stage -- src/lib/fetchPosts.js [7ms]
2025-11-01 14:35:00.467 [info] > git cat-file -s c2306a01a85c30372750ffb80d8fdc91e35553b1 [8ms]
2025-11-01 14:35:07.729 [info] > git show --textconv :src/app/page.jsx [6ms]
2025-11-01 14:35:07.730 [info] > git ls-files --stage -- src/app/page.jsx [3ms]
2025-11-01 14:35:07.750 [info] > git cat-file -s 41cad520e9a35ad101c9cca440f96b82e561cece [12ms]
2025-11-01 14:35:46.980 [info] > git config --get commit.template [2ms]
2025-11-01 14:35:46.986 [info] > git for-each-ref --format=%(refname)%00%(upstream:short)%00%(objectname)%00%(upstream:track)%00%(upstream:remotename)%00%(upstream:remoteref) refs/heads/main refs/remotes/main [1ms]
2025-11-01 14:35:46.996 [info] > git status -z -uall [6ms]
2025-11-01 14:35:46.997 [info] > git for-each-ref --sort -committerdate --format %(refname)%00%(objectname)%00%(*objectname) [2ms]
2025-11-01 14:36:07.960 [info] > git config --get commit.template [2ms]
2025-11-01 14:36:07.978 [info] > git for-each-ref --format=%(refname)%00%(upstream:short)%00%(objectname)%00%(upstream:track)%00%(upstream:remotename)%00%(upstream:remoteref) refs/heads/main refs/remotes/main [7ms]
2025-11-01 14:36:08.008 [info] > git status -z -uall [19ms]
2025-11-01 14:36:08.014 [info] > git for-each-ref --sort -committerdate --format %(refname)%00%(objectname)%00%(*objectname) [13ms]
2025-11-01 14:36:13.032 [info] > git config --get commit.template [2ms]
2025-11-01 14:36:13.038 [info] > git for-each-ref --format=%(refname)%00%(upstream:short)%00%(objectname)%00%(upstream:track)%00%(upstream:remotename)%00%(upstream:remoteref) refs/heads/main refs/remotes/main [1ms]
2025-11-01 14:36:13.048 [info] > git status -z -uall [5ms]
2025-11-01 14:36:13.049 [info] > git for-each-ref --sort -committerdate --format %(refname)%00%(objectname)%00%(*objectname) [2ms]
2025-11-01 14:36:31.580 [info] > git config --get commit.template [28ms]
2025-11-01 14:36:31.582 [info] > git for-each-ref --format=%(refname)%00%(upstream:short)%00%(objectname)%00%(upstream:track)%00%(upstream:remotename)%00%(upstream:remoteref) refs/heads/main refs/remotes/main [6ms]
2025-11-01 14:36:31.611 [info] > git status -z -uall [8ms]
2025-11-01 14:36:31.613 [info] > git for-each-ref --sort -committerdate --format %(refname)%00%(objectname)%00%(*objectname) [4ms]
2025-11-01 14:36:32.773 [info] > git ls-files --stage -- src/app/page.jsx [7ms]
2025-11-01 14:36:32.796 [info] > git cat-file -s 41cad520e9a35ad101c9cca440f96b82e561cece [6ms]
2025-11-01 14:36:32.814 [info] > git show --textconv :src/app/page.jsx [2ms]
2025-11-01 14:36:34.741 [info] > git show --textconv :.env [27ms]
2025-11-01 14:36:34.759 [info] > git ls-files --stage -- .env [22ms]
2025-11-01 14:36:34.796 [info] > git hash-object -t tree /dev/null [10ms]
2025-11-01 14:36:34.799 [warning] [GitFileSystemProvider][stat] File not found - git:/home/rick/Desktop/blogs.com/.env.git?%7B%22path%22%3A%22%2Fhome%2Frick%2FDesktop%2Fblogs.com%2F.env%22%2C%22ref%22%3A%22%22%7D
2025-11-01 14:36:34.812 [info] > git hash-object -t tree /dev/null [57ms]
2025-11-01 14:36:34.812 [warning] [GitFileSystemProvider][readFile] File not found - git:/home/rick/Desktop/blogs.com/.env.git?%7B%22path%22%3A%22%2Fhome%2Frick%2FDesktop%2Fblogs.com%2F.env%22%2C%22ref%22%3A%22%22%7D
2025-11-01 14:36:34.844 [info] > git blame --root --incremental 8382c4b458ea4fa457ae8b37d8a62a976e07cdb6 -- .env [5ms]
2025-11-01 14:36:34.844 [info] fatal: no such path .env in 8382c4b458ea4fa457ae8b37d8a62a976e07cdb6
2025-11-01 14:36:35.688 [info] > git fetch [4183ms]
2025-11-01 14:36:35.702 [info] > git config --get commit.template [7ms]
2025-11-01 14:36:35.704 [info] > git for-each-ref --format=%(refname)%00%(upstream:short)%00%(objectname)%00%(upstream:track)%00%(upstream:remotename)%00%(upstream:remoteref) refs/heads/main refs/remotes/main [2ms]
2025-11-01 14:36:35.714 [info] > git status -z -uall [6ms]
2025-11-01 14:36:35.715 [info] > git for-each-ref --sort -committerdate --format %(refname)%00%(objectname)%00%(*objectname) [2ms]
2025-11-01 14:36:36.639 [info] > git config --get commit.template [6ms]
2025-11-01 14:36:36.640 [info] > git for-each-ref --format=%(refname)%00%(upstream:short)%00%(objectname)%00%(upstream:track)%00%(upstream:remotename)%00%(upstream:remoteref) refs/heads/main refs/remotes/main [2ms]
2025-11-01 14:36:36.649 [info] > git status -z -uall [5ms]
2025-11-01 14:36:36.651 [info] > git for-each-ref --sort -committerdate --format %(refname)%00%(objectname)%00%(*objectname) [2ms]
2025-11-01 14:38:37.863 [info] > git config --get commit.template [4ms]
2025-11-01 14:38:37.874 [info] > git for-each-ref --format=%(refname)%00%(upstream:short)%00%(objectname)%00%(upstream:track)%00%(upstream:remotename)%00%(upstream:remoteref) refs/heads/main refs/remotes/main [2ms]
2025-11-01 14:38:37.898 [info] > git status -z -uall [12ms]
2025-11-01 14:38:37.902 [info] > git for-each-ref --sort -committerdate --format %(refname)%00%(objectname)%00%(*objectname) [7ms]
2025-11-01 14:38:38.309 [info] > git show --textconv :src/lib/fetchPosts.js [17ms]
2025-11-01 14:38:38.320 [info] > git ls-files --stage -- src/lib/fetchPosts.js [12ms]
2025-11-01 14:38:38.339 [info] > git cat-file -s c2306a01a85c30372750ffb80d8fdc91e35553b1 [7ms]
2025-11-01 14:39:46.920 [info] > git config --get commit.template [11ms]
2025-11-01 14:39:47.013 [info] > git ls-files --stage -- src/lib/fetchPosts.js [68ms]
2025-11-01 14:39:47.066 [info] > git for-each-ref --format=%(refname)%00%(upstream:short)%00%(objectname)%00%(upstream:track)%00%(upstream:remotename)%00%(upstream:remoteref) refs/heads/main refs/remotes/main [53ms]
2025-11-01 14:39:47.072 [info] > git cat-file -s da194c0c97d3d5539285d0afe03c8161e7d46003 [26ms]
2025-11-01 14:39:47.146 [info] > git status -z -uall [26ms]
2025-11-01 14:39:47.153 [info] > git for-each-ref --sort -committerdate --format %(refname)%00%(objectname)%00%(*objectname) [15ms]
2025-11-01 14:39:47.237 [info] > git merge-base refs/heads/main refs/remotes/origin/main [6ms]
2025-11-01 14:39:47.249 [info] > git blame --root --incremental 8018be03f32998ba586d7a16a1fec54533465eb7 -- src/lib/fetchPosts.js [43ms]
2025-11-01 14:39:47.252 [info] > git diff --name-status -z --diff-filter=ADMR 8018be03f32998ba586d7a16a1fec54533465eb7...refs/remotes/origin/main [3ms]
2025-11-01 14:39:47.319 [info] > git show --textconv :src/lib/fetchPosts.js [4ms]
2025-11-01 14:39:48.179 [info] > git ls-files --stage -- src/lib/fetchPosts.js [3ms]
2025-11-01 14:39:48.185 [info] > git cat-file -s da194c0c97d3d5539285d0afe03c8161e7d46003 [2ms]
2025-11-01 14:39:48.200 [info] > git show --textconv :src/lib/fetchPosts.js [2ms]
2025-11-01 14:39:50.659 [info] > git fetch [3796ms]
2025-11-01 14:39:50.673 [info] > git config --get commit.template [7ms]
2025-11-01 14:39:50.674 [info] > git for-each-ref --format=%(refname)%00%(upstream:short)%00%(objectname)%00%(upstream:track)%00%(upstream:remotename)%00%(upstream:remoteref) refs/heads/main refs/remotes/main [2ms]
2025-11-01 14:39:50.684 [info] > git status -z -uall [6ms]
2025-11-01 14:39:50.685 [info] > git for-each-ref --sort -committerdate --format %(refname)%00%(objectname)%00%(*objectname) [2ms]
2025-11-01 14:39:51.435 [info] > git ls-files --stage -- src/lib/fetchPosts.js [1ms]
2025-11-01 14:39:51.440 [info] > git cat-file -s da194c0c97d3d5539285d0afe03c8161e7d46003 [1ms]
2025-11-01 14:39:51.454 [info] > git show --textconv :src/lib/fetchPosts.js [3ms]
2025-11-01 14:39:52.252 [info] > git config --get commit.template [6ms]
2025-11-01 14:39:52.253 [info] > git for-each-ref --format=%(refname)%00%(upstream:short)%00%(objectname)%00%(upstream:track)%00%(upstream:remotename)%00%(upstream:remoteref) refs/heads/main refs/remotes/main [2ms]
2025-11-01 14:39:52.266 [info] > git status -z -uall [7ms]
2025-11-01 14:39:52.267 [info] > git for-each-ref --sort -committerdate --format %(refname)%00%(objectname)%00%(*objectname) [3ms]
2025-11-01 14:42:08.345 [info] > git for-each-ref --format=%(refname)%00%(upstream:short)%00%(objectname)%00%(upstream:track)%00%(upstream:remotename)%00%(upstream:remoteref) refs/heads/main refs/remotes/main [2ms]
2025-11-01 14:42:08.345 [info] > git config --get commit.template [30ms]
2025-11-01 14:42:08.442 [info] > git status -z -uall [81ms]
2025-11-01 14:42:08.443 [info] > git for-each-ref --sort -committerdate --format %(refname)%00%(objectname)%00%(*objectname) [36ms]
2025-11-01 14:42:08.531 [info] > git merge-base refs/heads/main refs/remotes/origin/main [33ms]
2025-11-01 14:42:08.565 [info] > git blame --root --incremental c1fa1cf27998c099da67f2869b1c513e34b65d83 -- src/lib/fetchPosts.js [73ms]
2025-11-01 14:42:08.581 [info] > git diff --name-status -z --diff-filter=ADMR c1fa1cf27998c099da67f2869b1c513e34b65d83...refs/remotes/origin/main [25ms]
2025-11-01 14:42:08.582 [info] > git ls-files --stage -- src/lib/fetchPosts.js [58ms]
2025-11-01 14:42:08.606 [info] > git cat-file -s 514e182c13232c2940d8f33768b844e3d4de2eb7 [8ms]
2025-11-01 14:42:08.648 [info] > git show --textconv :src/lib/fetchPosts.js [2ms]
2025-11-01 14:42:13.520 [info] > git config --get commit.template [2ms]
2025-11-01 14:42:13.535 [info] > git for-each-ref --format=%(refname)%00%(upstream:short)%00%(objectname)%00%(upstream:track)%00%(upstream:remotename)%00%(upstream:remoteref) refs/heads/main refs/remotes/main [3ms]
2025-11-01 14:42:13.564 [info] > git status -z -uall [20ms]
2025-11-01 14:42:13.570 [info] > git for-each-ref --sort -committerdate --format %(refname)%00%(objectname)%00%(*objectname) [7ms]
2025-11-01 14:42:18.605 [info] > git config --get commit.template [9ms]
2025-11-01 14:42:18.607 [info] > git for-each-ref --format=%(refname)%00%(upstream:short)%00%(objectname)%00%(upstream:track)%00%(upstream:remotename)%00%(upstream:remoteref) refs/heads/main refs/remotes/main [3ms]
2025-11-01 14:42:18.619 [info] > git status -z -uall [7ms]
2025-11-01 14:42:18.621 [info] > git for-each-ref --sort -committerdate --format %(refname)%00%(objectname)%00%(*objectname) [3ms]
2025-11-01 14:43:05.692 [info] > git ls-files --stage -- src/lib/fetchPosts.js [2ms]
2025-11-01 14:43:05.702 [info] > git cat-file -s 514e182c13232c2940d8f33768b844e3d4de2eb7 [6ms]
2025-11-01 14:43:05.711 [info] > git show --textconv :src/lib/fetchPosts.js [2ms]
2025-11-01 14:43:07.780 [info] > git fetch [3390ms]
2025-11-01 14:43:07.788 [info] > git config --get commit.template [2ms]
2025-11-01 14:43:07.794 [info] > git for-each-ref --format=%(refname)%00%(upstream:short)%00%(objectname)%00%(upstream:track)%00%(upstream:remotename)%00%(upstream:remoteref) refs/heads/main refs/remotes/main [1ms]
2025-11-01 14:43:07.805 [info] > git status -z -uall [6ms]
2025-11-01 14:43:07.806 [info] > git for-each-ref --sort -committerdate --format %(refname)%00%(objectname)%00%(*objectname) [2ms]
2025-11-01 14:43:08.701 [info] > git ls-files --stage -- src/lib/fetchPosts.js [2ms]
2025-11-01 14:43:08.706 [info] > git cat-file -s 514e182c13232c2940d8f33768b844e3d4de2eb7 [1ms]
2025-11-01 14:43:08.713 [info] > git show --textconv :src/lib/fetchPosts.js [1ms]
2025-11-01 14:43:09.422 [info] > git show --textconv :src/lib/pg.js [17ms]
2025-11-01 14:43:09.426 [info] > git ls-files --stage -- src/lib/pg.js [6ms]
2025-11-01 14:43:09.442 [info] > git cat-file -s 92d5a7773889f1f6b932cd328b94bc163ef018d3 [6ms]
2025-11-01 14:43:09.478 [info] > git blame --root --incremental c1fa1cf27998c099da67f2869b1c513e34b65d83 -- src/lib/pg.js [10ms]
2025-11-01 14:44:13.553 [info] > git show --textconv :src/lib/fetchPosts.js [18ms]
2025-11-01 14:44:13.554 [info] > git ls-files --stage -- src/lib/fetchPosts.js [3ms]
2025-11-01 14:44:13.566 [info] > git cat-file -s 514e182c13232c2940d8f33768b844e3d4de2eb7 [6ms]
2025-11-01 14:44:26.432 [info] > git config --get commit.template [2ms]
2025-11-01 14:44:26.440 [info] > git for-each-ref --format=%(refname)%00%(upstream:short)%00%(objectname)%00%(upstream:track)%00%(upstream:remotename)%00%(upstream:remoteref) refs/heads/main refs/remotes/main [2ms]
2025-11-01 14:44:26.456 [info] > git status -z -uall [10ms]
2025-11-01 14:44:26.459 [info] > git for-each-ref --sort -committerdate --format %(refname)%00%(objectname)%00%(*objectname) [4ms]
2025-11-01 14:44:27.675 [info] > git show --textconv :src/lib/pg.js [17ms]
2025-11-01 14:44:27.678 [info] > git ls-files --stage -- src/lib/pg.js [6ms]
2025-11-01 14:44:27.692 [info] > git cat-file -s 92d5a7773889f1f6b932cd328b94bc163ef018d3 [5ms]
2025-11-01 14:44:31.480 [info] > git config --get commit.template [6ms]
2025-11-01 14:44:31.482 [info] > git for-each-ref --format=%(refname)%00%(upstream:short)%00%(objectname)%00%(upstream:track)%00%(upstream:remotename)%00%(upstream:remoteref) refs/heads/main refs/remotes/main [3ms]
2025-11-01 14:44:31.500 [info] > git status -z -uall [12ms]
2025-11-01 14:44:31.501 [info] > git for-each-ref --sort -committerdate --format %(refname)%00%(objectname)%00%(*objectname) [4ms]
2025-11-01 14:45:34.915 [info] > git config --get commit.template [4ms]
2025-11-01 14:45:34.924 [info] > git for-each-ref --format=%(refname)%00%(upstream:short)%00%(objectname)%00%(upstream:track)%00%(upstream:remotename)%00%(upstream:remoteref) refs/heads/main refs/remotes/main [3ms]
2025-11-01 14:45:34.939 [info] > git status -z -uall [9ms]
2025-11-01 14:45:34.940 [info] > git for-each-ref --sort -committerdate --format %(refname)%00%(objectname)%00%(*objectname) [3ms]
2025-11-01 14:45:35.170 [info] > git show --textconv :src/lib/fetchPosts.js [13ms]
2025-11-01 14:45:35.173 [info] > git ls-files --stage -- src/lib/fetchPosts.js [4ms]
2025-11-01 14:45:35.203 [info] > git cat-file -s 514e182c13232c2940d8f33768b844e3d4de2eb7 [15ms]
2025-11-01 14:45:46.329 [info] > git config --get commit.template [6ms]
2025-11-01 14:45:46.330 [info] > git for-each-ref --format=%(refname)%00%(upstream:short)%00%(objectname)%00%(upstream:track)%00%(upstream:remotename)%00%(upstream:remoteref) refs/heads/main refs/remotes/main [1ms]
2025-11-01 14:45:46.341 [info] > git status -z -uall [6ms]
2025-11-01 14:45:46.342 [info] > git for-each-ref --sort -committerdate --format %(refname)%00%(objectname)%00%(*objectname) [2ms]
2025-11-01 14:45:50.600 [info] > git show --textconv :src/app/blog/[slug]/page.jsx [9ms]
2025-11-01 14:45:50.605 [info] > git ls-files --stage -- src/app/blog/[slug]/page.jsx [6ms]
2025-11-01 14:45:50.618 [info] > git cat-file -s 0a4e0226dcaac2ee11aa3782b641ddfd46393d8f [5ms]
2025-11-01 14:45:50.651 [info] > git blame --root --incremental c1fa1cf27998c099da67f2869b1c513e34b65d83 -- src/app/blog/[slug]/page.jsx [9ms]
2025-11-01 14:46:09.019 [info] > git ls-files --stage -- src/app/blog/[slug]/page.jsx [1ms]
2025-11-01 14:46:09.025 [info] > git cat-file -s 0a4e0226dcaac2ee11aa3782b641ddfd46393d8f [2ms]
2025-11-01 14:46:09.033 [info] > git show --textconv :src/app/blog/[slug]/page.jsx [2ms]
2025-11-01 14:46:12.268 [info] > git fetch [4443ms]
2025-11-01 14:46:12.282 [info] > git config --get commit.template [8ms]
2025-11-01 14:46:12.283 [info] > git for-each-ref --format=%(refname)%00%(upstream:short)%00%(objectname)%00%(upstream:track)%00%(upstream:remotename)%00%(upstream:remoteref) refs/heads/main refs/remotes/main [2ms]
2025-11-01 14:46:12.294 [info] > git status -z -uall [6ms]
2025-11-01 14:46:12.295 [info] > git for-each-ref --sort -committerdate --format %(refname)%00%(objectname)%00%(*objectname) [2ms]
2025-11-01 14:46:13.193 [info] > git ls-files --stage -- src/app/blog/[slug]/page.jsx [4ms]
2025-11-01 14:46:13.201 [info] > git cat-file -s 0a4e0226dcaac2ee11aa3782b641ddfd46393d8f [1ms]
2025-11-01 14:46:13.288 [info] > git show --textconv :src/app/blog/[slug]/page.jsx [5ms]
2025-11-01 14:46:26.624 [info] > git config --get commit.template [4ms]
2025-11-01 14:46:26.667 [info] > git for-each-ref --format=%(refname)%00%(upstream:short)%00%(objectname)%00%(upstream:track)%00%(upstream:remotename)%00%(upstream:remoteref) refs/heads/main refs/remotes/main [13ms]
2025-11-01 14:46:26.744 [info] > git status -z -uall [32ms]
2025-11-01 14:46:26.753 [info] > git for-each-ref --sort -committerdate --format %(refname)%00%(objectname)%00%(*objectname) [23ms]
2025-11-01 14:46:38.409 [info] > git for-each-ref --format=%(refname)%00%(upstream:short)%00%(objectname)%00%(upstream:track)%00%(upstream:remotename)%00%(upstream:remoteref) refs/heads/main refs/remotes/main [14ms]
2025-11-01 14:46:38.410 [info] > git config --get commit.template [41ms]
2025-11-01 14:46:38.459 [info] > git status -z -uall [28ms]
2025-11-01 14:46:38.465 [info] > git for-each-ref --sort -committerdate --format %(refname)%00%(objectname)%00%(*objectname) [8ms]
2025-11-01 14:46:42.868 [info] > git show --textconv :src/app/page.jsx [16ms]
2025-11-01 14:46:42.868 [info] > git ls-files --stage -- src/app/page.jsx [8ms]
2025-11-01 14:46:42.887 [info] > git cat-file -s 089853eaf3bdab488c0440d295a3dc96ed764987 [7ms]
2025-11-01 14:46:42.944 [info] > git blame --root --incremental c1fa1cf27998c099da67f2869b1c513e34b65d83 -- src/app/page.jsx [13ms]
2025-11-01 14:46:46.839 [info] > git show --textconv :src/app/blog/[slug]/page.jsx [38ms]
2025-11-01 14:46:46.850 [info] > git ls-files --stage -- src/app/blog/[slug]/page.jsx [21ms]
2025-11-01 14:46:46.878 [info] > git cat-file -s 0a4e0226dcaac2ee11aa3782b641ddfd46393d8f [8ms]
2025-11-01 14:46:49.018 [info] > git show --textconv :src/lib/fetchPosts.js [11ms]
2025-11-01 14:46:49.020 [info] > git ls-files --stage -- src/lib/fetchPosts.js [3ms]
2025-11-01 14:46:49.039 [info] > git cat-file -s 514e182c13232c2940d8f33768b844e3d4de2eb7 [5ms]
2025-11-01 14:49:17.947 [info] > git config --get commit.template [20ms]
2025-11-01 14:49:17.947 [info] > git ls-files --stage -- src/lib/fetchPosts.js [3ms]
2025-11-01 14:49:17.982 [info] > git for-each-ref --format=%(refname)%00%(upstream:short)%00%(objectname)%00%(upstream:track)%00%(upstream:remotename)%00%(upstream:remoteref) refs/heads/main refs/remotes/main [6ms]
2025-11-01 14:49:17.982 [info] > git cat-file -s 5781947bfb57b30dd7c00f094d6bc27370e07333 [22ms]
2025-11-01 14:49:18.013 [info] > git status -z -uall [10ms]
2025-11-01 14:49:18.024 [info] > git for-each-ref --sort -committerdate --format %(refname)%00%(objectname)%00%(*objectname) [12ms]
2025-11-01 14:49:18.070 [info] > git show --textconv :src/lib/fetchPosts.js [47ms]
2025-11-01 14:49:18.070 [info] > git merge-base refs/heads/main refs/remotes/origin/main [7ms]
2025-11-01 14:49:18.076 [info] > git blame --root --incremental 3dd6c62c86811593d2a2f2cd18658634e4ab417e -- src/lib/fetchPosts.js [30ms]
2025-11-01 14:49:18.084 [info] > git diff --name-status -z --diff-filter=ADMR 3dd6c62c86811593d2a2f2cd18658634e4ab417e...refs/remotes/origin/main [8ms]
2025-11-01 14:49:19.099 [info] > git ls-files --stage -- src/lib/fetchPosts.js [1ms]
2025-11-01 14:49:19.109 [info] > git cat-file -s 5781947bfb57b30dd7c00f094d6bc27370e07333 [3ms]
2025-11-01 14:49:19.116 [info] > git show --textconv :src/lib/fetchPosts.js [2ms]
2025-11-01 14:49:21.642 [info] > git fetch [3744ms]
2025-11-01 14:49:21.651 [info] > git config --get commit.template [5ms]
2025-11-01 14:49:21.652 [info] > git for-each-ref --format=%(refname)%00%(upstream:short)%00%(objectname)%00%(upstream:track)%00%(upstream:remotename)%00%(upstream:remoteref) refs/heads/main refs/remotes/main [2ms]
2025-11-01 14:49:21.668 [info] > git status -z -uall [9ms]
2025-11-01 14:49:21.669 [info] > git for-each-ref --sort -committerdate --format %(refname)%00%(objectname)%00%(*objectname) [2ms]
2025-11-01 14:49:22.554 [info] > git ls-files --stage -- src/lib/fetchPosts.js [2ms]
2025-11-01 14:49:22.561 [info] > git cat-file -s 5781947bfb57b30dd7c00f094d6bc27370e07333 [1ms]
2025-11-01 14:49:22.571 [info] > git show --textconv :src/lib/fetchPosts.js [2ms]
2025-11-01 14:49:23.086 [info] > git config --get commit.template [6ms]
2025-11-01 14:49:23.087 [info] > git for-each-ref --format=%(refname)%00%(upstream:short)%00%(objectname)%00%(upstream:track)%00%(upstream:remotename)%00%(upstream:remoteref) refs/heads/main refs/remotes/main [2ms]
2025-11-01 14:49:23.096 [info] > git status -z -uall [5ms]
2025-11-01 14:49:23.098 [info] > git for-each-ref --sort -committerdate --format %(refname)%00%(objectname)%00%(*objectname) [2ms]
2025-11-01 14:49:26.008 [info] > git show --textconv :src/app/blog/[slug]/page.jsx [18ms]
2025-11-01 14:49:26.010 [info] > git ls-files --stage -- src/app/blog/[slug]/page.jsx [5ms]
2025-11-01 14:49:26.024 [info] > git cat-file -s 75d4cf8ece9411455cfe9763d3bb10fc9d964973 [3ms]
2025-11-01 14:49:26.046 [info] > git blame --root --incremental 3dd6c62c86811593d2a2f2cd18658634e4ab417e -- src/app/blog/[slug]/page.jsx [10ms]
2025-11-01 14:49:41.050 [info] > git show --textconv :src/lib/pg.js [39ms]
2025-11-01 14:49:41.068 [info] > git ls-files --stage -- src/lib/pg.js [22ms]
2025-11-01 14:49:41.116 [info] > git cat-file -s fe5dc6083160c92f7e60e437762d39d711e90e23 [26ms]
2025-11-01 14:49:41.225 [info] > git blame --root --incremental 3dd6c62c86811593d2a2f2cd18658634e4ab417e -- src/lib/pg.js [8ms]
2025-11-01 14:49:46.549 [info] > git show --textconv :src/lib/pg.js.bak [26ms]
2025-11-01 14:49:46.552 [warning] [GitFileSystemProvider][readFile] File not found - git:/home/rick/Desktop/blogs.com/src/lib/pg.js.bak.git?%7B%22path%22%3A%22%2Fhome%2Frick%2FDesktop%2Fblogs.com%2Fsrc%2Flib%2Fpg.js.bak%22%2C%22ref%22%3A%22%22%7D
2025-11-01 14:49:46.555 [info] > git ls-files --stage -- src/lib/pg.js.bak [7ms]
2025-11-01 14:49:46.558 [warning] [GitFileSystemProvider][stat] File not found - git:/home/rick/Desktop/blogs.com/src/lib/pg.js.bak.git?%7B%22path%22%3A%22%2Fhome%2Frick%2FDesktop%2Fblogs.com%2Fsrc%2Flib%2Fpg.js.bak%22%2C%22ref%22%3A%22%22%7D
2025-11-01 14:49:46.596 [info] > git blame --root --incremental 3dd6c62c86811593d2a2f2cd18658634e4ab417e -- src/lib/pg.js.bak [12ms]
2025-11-01 14:49:46.596 [info] fatal: no such path src/lib/pg.js.bak in 3dd6c62c86811593d2a2f2cd18658634e4ab417e
2025-11-01 14:49:46.648 [info] > git check-ignore -v -z --stdin [3ms]
2025-11-01 14:49:47.166 [info] > git config --get commit.template [6ms]
2025-11-01 14:49:47.177 [info] > git for-each-ref --format=%(refname)%00%(upstream:short)%00%(objectname)%00%(upstream:track)%00%(upstream:remotename)%00%(upstream:remoteref) refs/heads/main refs/remotes/main [2ms]
2025-11-01 14:49:47.194 [info] > git status -z -uall [9ms]
2025-11-01 14:49:47.198 [info] > git for-each-ref --sort -committerdate --format %(refname)%00%(objectname)%00%(*objectname) [7ms]
2025-11-01 14:49:47.851 [info] > git show --textconv :src/lib/blogData.js [29ms]
2025-11-01 14:49:47.853 [info] > git ls-files --stage -- src/lib/blogData.js [3ms]
2025-11-01 14:49:47.870 [info] > git cat-file -s 9b3f6723342c3034b9945c47302985c8c7737d1f [5ms]
2025-11-01 14:49:47.936 [info] > git blame --root --incremental 3dd6c62c86811593d2a2f2cd18658634e4ab417e -- src/lib/blogData.js [13ms]
2025-11-01 14:49:53.220 [info] > git show --textconv :src/lib/blogData.js.bak [13ms]
2025-11-01 14:49:53.225 [warning] [GitFileSystemProvider][readFile] File not found - git:/home/rick/Desktop/blogs.com/src/lib/blogData.js.bak.git?%7B%22path%22%3A%22%2Fhome%2Frick%2FDesktop%2Fblogs.com%2Fsrc%2Flib%2FblogData.js.bak%22%2C%22ref%22%3A%22%22%7D
2025-11-01 14:49:53.297 [info] > git ls-files --stage -- src/lib/blogData.js.bak [78ms]
2025-11-01 14:49:53.298 [warning] [GitFileSystemProvider][stat] File not found - git:/home/rick/Desktop/blogs.com/src/lib/blogData.js.bak.git?%7B%22path%22%3A%22%2Fhome%2Frick%2FDesktop%2Fblogs.com%2Fsrc%2Flib%2FblogData.js.bak%22%2C%22ref%22%3A%22%22%7D
2025-11-01 14:49:53.321 [info] > git blame --root --incremental 3dd6c62c86811593d2a2f2cd18658634e4ab417e -- src/lib/blogData.js.bak [6ms]
2025-11-01 14:49:53.321 [info] fatal: no such path src/lib/blogData.js.bak in 3dd6c62c86811593d2a2f2cd18658634e4ab417e
2025-11-01 14:49:53.459 [info] > git check-ignore -v -z --stdin [5ms]
2025-11-01 14:49:54.194 [info] > git config --get commit.template [2ms]
2025-11-01 14:49:54.203 [info] > git for-each-ref --format=%(refname)%00%(upstream:short)%00%(objectname)%00%(upstream:track)%00%(upstream:remotename)%00%(upstream:remoteref) refs/heads/main refs/remotes/main [3ms]
2025-11-01 14:49:54.219 [info] > git status -z -uall [10ms]
2025-11-01 14:49:54.222 [info] > git for-each-ref --sort -committerdate --format %(refname)%00%(objectname)%00%(*objectname) [4ms]
2025-11-01 14:50:07.967 [info] [main] Log level: Info
2025-11-01 14:50:07.967 [info] [main] Validating found git in: "git"
2025-11-01 14:50:07.967 [info] [main] Using git "2.51.1" from "git"
2025-11-01 14:50:07.967 [info] [Model][doInitialScan] Initial repository scan started
2025-11-01 14:50:07.967 [info] [Model][doInitialScan] Initial repository scan completed - repositories (0), closed repositories (0), parent repositories (0), unsafe repositories (0)
