2025-11-09 12:41:44.184 [info] Reading sessions from keychain...
2025-11-09 12:41:44.184 [info] Getting sessions for all scopes...
2025-11-09 12:41:44.210 [info] Got 0 sessions for ...
2025-11-09 12:41:44.211 [info] Getting sessions for all scopes...
2025-11-09 12:41:44.211 [info] Got 0 sessions for ...
2025-11-09 12:41:44.211 [info] Getting sessions for all scopes...
2025-11-09 12:41:44.211 [info] Got 0 sessions for ...
2025-11-09 12:41:44.211 [info] Getting sessions for read:user,repo,user:email,workflow...
2025-11-09 12:41:44.211 [info] Got 0 sessions for read:user,repo,user:email,workflow...
2025-11-09 12:41:44.257 [info] Getting sessions for all scopes...
2025-11-09 12:41:44.258 [info] Got 0 sessions for ...
2025-11-09 12:41:44.265 [info] Getting sessions for all scopes...
2025-11-09 12:41:44.265 [info] Got 0 sessions for ...
2025-11-09 12:41:44.267 [info] Getting sessions for all scopes...
2025-11-09 12:41:44.267 [info] Got 0 sessions for ...
2025-11-09 12:41:44.284 [info] Getting sessions for all scopes...
2025-11-09 12:41:44.284 [info] Got 0 sessions for ...
2025-11-09 12:41:51.815 [info] Getting sessions for all scopes...
2025-11-09 12:41:51.815 [info] Got 0 sessions for ...
2025-11-09 12:44:03.486 [info] Getting sessions for read:user,repo,user:email,workflow...
2025-11-09 12:44:03.486 [info] Got 0 sessions for read:user,repo,user:email,workflow...
