2025-11-09 11:26:16.553 [info] Reading sessions from keychain...
2025-11-09 11:26:16.553 [info] Getting sessions for all scopes...
2025-11-09 11:26:16.553 [info] Got 0 sessions for ...
2025-11-09 11:26:16.553 [info] Getting sessions for all scopes...
2025-11-09 11:26:16.553 [info] Got 0 sessions for ...
2025-11-09 11:26:16.553 [info] Getting sessions for all scopes...
2025-11-09 11:26:16.553 [info] Got 0 sessions for ...
2025-11-09 11:26:16.561 [info] Getting sessions for read:user,repo,user:email,workflow...
2025-11-09 11:26:16.562 [info] Got 0 sessions for read:user,repo,user:email,workflow...
2025-11-09 11:26:16.565 [info] Getting sessions for all scopes...
2025-11-09 11:26:16.565 [info] Got 0 sessions for ...
2025-11-09 11:26:16.690 [info] Getting sessions for all scopes...
2025-11-09 11:26:16.690 [info] Got 0 sessions for ...
2025-11-09 11:26:16.703 [info] Getting sessions for all scopes...
2025-11-09 11:26:16.703 [info] Got 0 sessions for ...
2025-11-09 11:26:16.705 [info] Getting sessions for all scopes...
2025-11-09 11:26:16.705 [info] Got 0 sessions for ...
2025-11-09 11:26:16.712 [info] Getting sessions for all scopes...
2025-11-09 11:26:16.712 [info] Got 0 sessions for ...
2025-11-09 11:26:22.378 [info] Getting sessions for all scopes...
2025-11-09 11:26:22.378 [info] Got 0 sessions for ...
