2025-11-09 12:41:43.633 [info] [main] Log level: Info
2025-11-09 12:41:43.634 [info] [main] Validating found git in: "git"
2025-11-09 12:41:43.634 [info] [main] Using git "2.51.2" from "git"
2025-11-09 12:41:43.634 [info] [Model][doInitialScan] Initial repository scan started
2025-11-09 12:41:43.634 [info] > git rev-parse --show-toplevel [11ms]
2025-11-09 12:41:43.634 [info] > git rev-parse --git-dir --git-common-dir --show-superproject-working-tree [5ms]
2025-11-09 12:41:43.634 [info] [Model][openRepository] Opened repository (path): /home/rick/Desktop/blogs.com
2025-11-09 12:41:43.634 [info] [Model][openRepository] Opened repository (real path): /home/rick/Desktop/blogs.com
2025-11-09 12:41:43.634 [info] [Model][openRepository] Opened repository (kind): repository
2025-11-09 12:41:43.634 [info] > git rev-parse --show-toplevel [8ms]
2025-11-09 12:41:43.634 [info] > git config --get commit.template [21ms]
2025-11-09 12:41:43.634 [info] > git rev-parse --show-toplevel [15ms]
2025-11-09 12:41:43.634 [info] > git for-each-ref --format=%(refname)%00%(upstream:short)%00%(objectname)%00%(upstream:track)%00%(upstream:remotename)%00%(upstream:remoteref) refs/heads/main refs/remotes/main [14ms]
2025-11-09 12:41:43.634 [warning] [Git][revParse] Unable to read file: ENOENT: no such file or directory, open '/home/rick/Desktop/blogs.com/.git/refs/remotes/origin/main'
2025-11-09 12:41:43.634 [info] > git rev-parse --show-toplevel [14ms]
2025-11-09 12:41:43.634 [info] [Model][doInitialScan] Initial repository scan completed - repositories (1), closed repositories (0), parent repositories (0), unsafe repositories (0)
2025-11-09 12:41:43.634 [info] > git rev-parse refs/remotes/origin/main [15ms]
2025-11-09 12:41:43.634 [info] > git status -z -uall [27ms]
2025-11-09 12:41:43.634 [info] > git for-each-ref --sort -committerdate --format %(refname)%00%(objectname)%00%(*objectname) [8ms]
2025-11-09 12:41:43.634 [info] > git for-each-ref --format=%(refname)%00%(upstream:short)%00%(objectname)%00%(upstream:track)%00%(upstream:remotename)%00%(upstream:remoteref) refs/heads/main refs/remotes/main [53ms]
2025-11-09 12:41:43.634 [info] > git config --get --local branch.main.vscode-merge-base [32ms]
2025-11-09 12:41:43.634 [warning] [Git][config] git config failed: Failed to execute git
2025-11-09 12:41:43.635 [info] > git reflog main --grep-reflog=branch: Created from *. [25ms]
2025-11-09 12:41:43.647 [info] > git config --get commit.template [48ms]
2025-11-09 12:41:43.661 [info] > git symbolic-ref --short refs/remotes/origin/HEAD [14ms]
2025-11-09 12:41:43.669 [info] > git for-each-ref --format=%(refname)%00%(upstream:short)%00%(objectname)%00%(upstream:track)%00%(upstream:remotename)%00%(upstream:remoteref) refs/heads/main refs/remotes/main [11ms]
2025-11-09 12:41:43.680 [warning] [Git][revParse] Unable to read file: ENOENT: no such file or directory, open '/home/rick/Desktop/blogs.com/.git/refs/remotes/origin/main'
2025-11-09 12:41:43.681 [info] > git for-each-ref --format=%(refname)%00%(upstream:short)%00%(objectname)%00%(upstream:track)%00%(upstream:remotename)%00%(upstream:remoteref) refs/heads/origin/main refs/remotes/origin/main [13ms]
2025-11-09 12:41:43.689 [info] > git rev-parse refs/remotes/origin/main [9ms]
2025-11-09 12:41:43.706 [info] > git status -z -uall [8ms]
2025-11-09 12:41:43.707 [info] > git config --add --local branch.main.vscode-merge-base origin/main [19ms]
2025-11-09 12:41:43.708 [info] > git for-each-ref --sort -committerdate --format %(refname)%00%(objectname)%00%(*objectname) [5ms] (cancelled)
2025-11-09 12:41:43.731 [info] > git config --get commit.template [8ms]
2025-11-09 12:41:43.952 [info] > git for-each-ref --format=%(refname)%00%(upstream:short)%00%(objectname)%00%(upstream:track)%00%(upstream:remotename)%00%(upstream:remoteref) refs/heads/main refs/remotes/main [212ms]
2025-11-09 12:41:43.974 [warning] [Git][revParse] Unable to read file: ENOENT: no such file or directory, open '/home/rick/Desktop/blogs.com/.git/refs/remotes/origin/main'
2025-11-09 12:41:43.980 [info] > git rev-parse refs/remotes/origin/main [6ms]
2025-11-09 12:41:43.996 [info] > git status -z -uall [9ms]
2025-11-09 12:41:43.997 [info] > git for-each-ref --sort -committerdate --format %(refname)%00%(objectname)%00%(*objectname) [2ms]
2025-11-09 12:41:44.023 [info] > git merge-base refs/heads/main refs/remotes/origin/main [14ms]
2025-11-09 12:41:44.111 [info] > git diff --name-status -z --diff-filter=ADMR ef36f2e70e11171eb1bf0a30bc357b54639aad05...refs/remotes/origin/main [73ms]
2025-11-09 12:41:44.113 [info] > git merge-base refs/heads/main refs/remotes/origin/main [91ms]
2025-11-09 12:41:44.141 [info] > git diff --name-status -z --diff-filter=ADMR ef36f2e70e11171eb1bf0a30bc357b54639aad05...refs/remotes/origin/main [18ms]
2025-11-09 12:41:44.244 [info] > git check-ignore -v -z --stdin [5ms]
2025-11-09 12:41:50.011 [info] > git fetch [4009ms]
2025-11-09 12:41:50.022 [info] > git config --get commit.template [5ms]
2025-11-09 12:41:50.023 [info] > git for-each-ref --format=%(refname)%00%(upstream:short)%00%(objectname)%00%(upstream:track)%00%(upstream:remotename)%00%(upstream:remoteref) refs/heads/main refs/remotes/main [2ms]
2025-11-09 12:41:50.027 [warning] [Git][revParse] Unable to read file: ENOENT: no such file or directory, open '/home/rick/Desktop/blogs.com/.git/refs/remotes/origin/main'
2025-11-09 12:41:50.029 [info] > git rev-parse refs/remotes/origin/main [2ms]
2025-11-09 12:41:50.039 [info] > git status -z -uall [6ms]
2025-11-09 12:41:50.041 [info] > git for-each-ref --sort -committerdate --format %(refname)%00%(objectname)%00%(*objectname) [2ms]
2025-11-09 12:41:54.446 [info] > git check-ignore -v -z --stdin [1ms]
2025-11-09 12:41:54.998 [info] > git config --get commit.template [3ms]
2025-11-09 12:41:55.006 [info] > git for-each-ref --format=%(refname)%00%(upstream:short)%00%(objectname)%00%(upstream:track)%00%(upstream:remotename)%00%(upstream:remoteref) refs/heads/main refs/remotes/main [2ms]
2025-11-09 12:41:55.010 [warning] [Git][revParse] Unable to read file: ENOENT: no such file or directory, open '/home/rick/Desktop/blogs.com/.git/refs/remotes/origin/main'
2025-11-09 12:41:55.012 [info] > git rev-parse refs/remotes/origin/main [2ms]
2025-11-09 12:41:55.024 [info] > git status -z -uall [7ms]
2025-11-09 12:41:55.025 [info] > git for-each-ref --sort -committerdate --format %(refname)%00%(objectname)%00%(*objectname) [2ms]
2025-11-09 12:42:00.047 [info] > git config --get commit.template [6ms]
2025-11-09 12:42:00.058 [info] > git for-each-ref --format=%(refname)%00%(upstream:short)%00%(objectname)%00%(upstream:track)%00%(upstream:remotename)%00%(upstream:remoteref) refs/heads/main refs/remotes/main [3ms]
2025-11-09 12:42:00.063 [warning] [Git][revParse] Unable to read file: ENOENT: no such file or directory, open '/home/rick/Desktop/blogs.com/.git/refs/remotes/origin/main'
2025-11-09 12:42:00.068 [info] > git rev-parse refs/remotes/origin/main [5ms]
2025-11-09 12:42:00.090 [info] > git status -z -uall [12ms]
2025-11-09 12:42:00.092 [info] > git for-each-ref --sort -committerdate --format %(refname)%00%(objectname)%00%(*objectname) [4ms]
2025-11-09 12:42:01.295 [info] > git check-ignore -v -z --stdin [1ms]
2025-11-09 12:42:03.646 [info] > git check-ignore -v -z --stdin [1ms]
2025-11-09 12:42:05.614 [info] > git show --textconv :src/app/blog/[slug]/page.jsx [29ms]
2025-11-09 12:42:05.616 [info] > git ls-files --stage -- src/app/blog/[slug]/page.jsx [3ms]
2025-11-09 12:42:05.643 [info] > git cat-file -s 75d4cf8ece9411455cfe9763d3bb10fc9d964973 [10ms]
2025-11-09 12:42:10.993 [info] > git blame --root --incremental ef36f2e70e11171eb1bf0a30bc357b54639aad05 -- src/app/blog/[slug]/page.jsx [8ms]
2025-11-09 12:42:47.877 [info] > git config --get commit.template [5ms]
2025-11-09 12:42:47.906 [info] > git for-each-ref --format=%(refname)%00%(upstream:short)%00%(objectname)%00%(upstream:track)%00%(upstream:remotename)%00%(upstream:remoteref) refs/heads/main refs/remotes/main [8ms]
2025-11-09 12:42:47.922 [warning] [Git][revParse] Unable to read file: ENOENT: no such file or directory, open '/home/rick/Desktop/blogs.com/.git/refs/remotes/origin/main'
2025-11-09 12:42:47.924 [info] > git rev-parse refs/remotes/origin/main [2ms]
2025-11-09 12:42:47.969 [info] > git status -z -uall [23ms]
2025-11-09 12:42:47.970 [info] > git for-each-ref --sort -committerdate --format %(refname)%00%(objectname)%00%(*objectname) [13ms]
2025-11-09 12:42:52.995 [info] > git config --get commit.template [5ms]
2025-11-09 12:42:52.996 [info] > git for-each-ref --format=%(refname)%00%(upstream:short)%00%(objectname)%00%(upstream:track)%00%(upstream:remotename)%00%(upstream:remoteref) refs/heads/main refs/remotes/main [2ms]
2025-11-09 12:42:53.001 [warning] [Git][revParse] Unable to read file: ENOENT: no such file or directory, open '/home/rick/Desktop/blogs.com/.git/refs/remotes/origin/main'
2025-11-09 12:42:53.002 [info] > git rev-parse refs/remotes/origin/main [1ms]
2025-11-09 12:42:53.012 [info] > git status -z -uall [6ms]
2025-11-09 12:42:53.013 [info] > git for-each-ref --sort -committerdate --format %(refname)%00%(objectname)%00%(*objectname) [2ms]
2025-11-09 12:42:54.801 [info] > git show --textconv :src/app/page.jsx [14ms]
2025-11-09 12:42:54.804 [info] > git ls-files --stage -- src/app/page.jsx [4ms]
2025-11-09 12:42:54.816 [info] > git cat-file -s 089853eaf3bdab488c0440d295a3dc96ed764987 [6ms]
2025-11-09 12:43:03.878 [info] > git check-ignore -v -z --stdin [1ms]
2025-11-09 12:43:08.708 [info] > git show --textconv :jsconfig.json [16ms]
2025-11-09 12:43:08.712 [info] > git ls-files --stage -- jsconfig.json [4ms]
2025-11-09 12:43:08.728 [info] > git cat-file -s b8d6842d7fad0a64e5ffa846e104342233782852 [3ms]
2025-11-09 12:43:15.515 [info] > git show --textconv :src/app/layout.js [15ms]
2025-11-09 12:43:15.516 [info] > git ls-files --stage -- src/app/layout.js [2ms]
2025-11-09 12:43:15.527 [info] > git cat-file -s c9ab4c937f336dbc5dd4975f69f2eb8734fb90cb [3ms]
2025-11-09 12:43:21.261 [info] > git blame --root --incremental ef36f2e70e11171eb1bf0a30bc357b54639aad05 -- src/app/layout.js [2ms]
2025-11-09 12:43:26.635 [info] > git check-ignore -v -z --stdin [2ms]
2025-11-09 12:43:30.702 [info] > git check-ignore -v -z --stdin [2ms]
2025-11-09 12:43:49.589 [info] > git check-ignore -v -z --stdin [2ms]
2025-11-09 12:44:03.368 [info] > git log --format=%H%n%aN%n%aE%n%at%n%ct%n%P%n%D%n%B -z --shortstat --diff-merges=first-parent -n50 --skip=0 --topo-order --decorate=full --stdin [7ms]
2025-11-09 12:44:09.925 [info] > git add -A -- . [9ms]
2025-11-09 12:44:09.950 [info] > git -c user.useConfigOnly=true commit --quiet --allow-empty-message --file - [15ms]
2025-11-09 12:44:09.964 [info] > git config --get commit.template [4ms]
2025-11-09 12:44:09.989 [info] > git config --get commit.template [12ms]
2025-11-09 12:44:10.014 [info] > git for-each-ref --format=%(refname)%00%(upstream:short)%00%(objectname)%00%(upstream:track)%00%(upstream:remotename)%00%(upstream:remoteref) refs/heads/main refs/remotes/main [11ms]
2025-11-09 12:44:10.026 [warning] [Git][revParse] Unable to read file: ENOENT: no such file or directory, open '/home/rick/Desktop/blogs.com/.git/refs/remotes/origin/main'
2025-11-09 12:44:10.031 [info] > git rev-parse refs/remotes/origin/main [6ms]
2025-11-09 12:44:10.061 [info] > git status -z -uall [22ms]
2025-11-09 12:44:10.064 [info] > git for-each-ref --sort -committerdate --format %(refname)%00%(objectname)%00%(*objectname) [6ms]
2025-11-09 12:44:10.095 [info] > git merge-base refs/heads/main refs/remotes/origin/main [12ms]
2025-11-09 12:44:10.113 [info] > git diff --name-status -z --diff-filter=ADMR ef36f2e70e11171eb1bf0a30bc357b54639aad05...refs/remotes/origin/main [11ms]
2025-11-09 12:44:10.169 [info] > git log --format=%H%n%aN%n%aE%n%at%n%ct%n%P%n%D%n%B -z --shortstat --diff-merges=first-parent -n50 --skip=0 --topo-order --decorate=full --stdin [23ms]
2025-11-09 12:44:10.177 [info] > git config --get commit.template [10ms]
2025-11-09 12:44:10.189 [info] > git for-each-ref --format=%(refname)%00%(upstream:short)%00%(objectname)%00%(upstream:track)%00%(upstream:remotename)%00%(upstream:remoteref) refs/heads/main refs/remotes/main [4ms]
2025-11-09 12:44:10.199 [warning] [Git][revParse] Unable to read file: ENOENT: no such file or directory, open '/home/rick/Desktop/blogs.com/.git/refs/remotes/origin/main'
2025-11-09 12:44:10.200 [info] > git rev-parse refs/remotes/origin/main [2ms]
2025-11-09 12:44:10.221 [info] > git status -z -uall [12ms]
2025-11-09 12:44:10.222 [info] > git for-each-ref --sort -committerdate --format %(refname)%00%(objectname)%00%(*objectname) [4ms]
2025-11-09 12:44:16.476 [info] > git log --oneline --cherry main...main@{upstream} -- [4ms]
2025-11-09 12:44:20.782 [info] > git pull --tags origin main [4294ms]
2025-11-09 12:44:20.782 [info] From github.com:rohitsaini81/blogs.com
 * branch            main       -> FETCH_HEAD
2025-11-09 12:44:24.857 [info] > git push origin main:main [4069ms]
2025-11-09 12:44:24.857 [info] To github.com:rohitsaini81/blogs.com.git
   ef36f2e..d852d8a  main -> main
2025-11-09 12:44:24.868 [info] > git config --get commit.template [6ms]
2025-11-09 12:44:24.869 [info] > git for-each-ref --format=%(refname)%00%(upstream:short)%00%(objectname)%00%(upstream:track)%00%(upstream:remotename)%00%(upstream:remoteref) refs/heads/main refs/remotes/main [2ms]
2025-11-09 12:44:24.880 [info] > git status -z -uall [7ms]
2025-11-09 12:44:24.881 [info] > git for-each-ref --sort -committerdate --format %(refname)%00%(objectname)%00%(*objectname) [2ms]
2025-11-09 12:44:24.897 [info] > git merge-base refs/heads/main refs/remotes/origin/main [2ms]
2025-11-09 12:44:24.904 [info] > git diff --name-status -z --diff-filter=ADMR d852d8a99332e4748fb57ae144dc07da3e278481...refs/remotes/origin/main [1ms]
2025-11-09 12:44:25.955 [info] > git config --get commit.template [5ms]
2025-11-09 12:44:25.956 [info] > git for-each-ref --format=%(refname)%00%(upstream:short)%00%(objectname)%00%(upstream:track)%00%(upstream:remotename)%00%(upstream:remoteref) refs/heads/main refs/remotes/main [1ms]
2025-11-09 12:44:25.966 [info] > git status -z -uall [6ms]
2025-11-09 12:44:25.967 [info] > git for-each-ref --sort -committerdate --format %(refname)%00%(objectname)%00%(*objectname) [2ms]
2025-11-09 12:46:28.881 [info] > git fetch [3690ms]
2025-11-09 12:46:28.891 [info] > git config --get commit.template [5ms]
2025-11-09 12:46:28.892 [info] > git for-each-ref --format=%(refname)%00%(upstream:short)%00%(objectname)%00%(upstream:track)%00%(upstream:remotename)%00%(upstream:remoteref) refs/heads/main refs/remotes/main [2ms]
2025-11-09 12:46:28.901 [info] > git status -z -uall [5ms]
2025-11-09 12:46:28.902 [info] > git for-each-ref --sort -committerdate --format %(refname)%00%(objectname)%00%(*objectname) [1ms]
2025-11-09 12:46:30.246 [info] > git show --textconv :src/app/layout.js [18ms]
2025-11-09 12:46:30.248 [info] > git ls-files --stage -- src/app/layout.js [4ms]
2025-11-09 12:46:30.271 [info] > git cat-file -s c9ab4c937f336dbc5dd4975f69f2eb8734fb90cb [15ms]
2025-11-09 12:46:30.336 [info] > git blame --root --incremental d852d8a99332e4748fb57ae144dc07da3e278481 -- src/app/layout.js [5ms]
2025-11-09 12:47:20.133 [info] > git config --get commit.template [13ms]
2025-11-09 12:47:20.158 [info] > git for-each-ref --format=%(refname)%00%(upstream:short)%00%(objectname)%00%(upstream:track)%00%(upstream:remotename)%00%(upstream:remoteref) refs/heads/main refs/remotes/main [10ms]
2025-11-09 12:47:20.192 [info] > git status -z -uall [27ms]
2025-11-09 12:47:20.194 [info] > git for-each-ref --sort -committerdate --format %(refname)%00%(objectname)%00%(*objectname) [10ms]
2025-11-09 12:47:25.221 [info] > git config --get commit.template [6ms]
2025-11-09 12:47:25.221 [info] > git for-each-ref --format=%(refname)%00%(upstream:short)%00%(objectname)%00%(upstream:track)%00%(upstream:remotename)%00%(upstream:remoteref) refs/heads/main refs/remotes/main [1ms]
2025-11-09 12:47:25.232 [info] > git status -z -uall [6ms]
2025-11-09 12:47:25.233 [info] > git for-each-ref --sort -committerdate --format %(refname)%00%(objectname)%00%(*objectname) [2ms]
2025-11-09 12:47:30.256 [info] > git config --get commit.template [2ms]
2025-11-09 12:47:30.263 [info] > git for-each-ref --format=%(refname)%00%(upstream:short)%00%(objectname)%00%(upstream:track)%00%(upstream:remotename)%00%(upstream:remoteref) refs/heads/main refs/remotes/main [2ms]
2025-11-09 12:47:30.272 [info] > git status -z -uall [5ms]
2025-11-09 12:47:30.273 [info] > git for-each-ref --sort -committerdate --format %(refname)%00%(objectname)%00%(*objectname) [1ms]
2025-11-09 12:47:48.611 [info] > git log --format=%H%n%aN%n%aE%n%at%n%ct%n%P%n%D%n%B -z --shortstat --diff-merges=first-parent -n50 --skip=0 --topo-order --decorate=full --stdin [9ms]
2025-11-09 12:47:58.193 [info] > git add -A -- . [4ms]
2025-11-09 12:47:58.207 [info] > git -c user.useConfigOnly=true commit --quiet --allow-empty-message --file - [6ms]
2025-11-09 12:47:58.213 [info] > git config --get commit.template [2ms]
2025-11-09 12:47:58.229 [info] > git config --get commit.template [3ms]
2025-11-09 12:47:58.239 [info] > git for-each-ref --format=%(refname)%00%(upstream:short)%00%(objectname)%00%(upstream:track)%00%(upstream:remotename)%00%(upstream:remoteref) refs/heads/main refs/remotes/main [3ms]
2025-11-09 12:47:58.251 [info] > git status -z -uall [5ms]
2025-11-09 12:47:58.252 [info] > git for-each-ref --sort -committerdate --format %(refname)%00%(objectname)%00%(*objectname) [2ms]
2025-11-09 12:47:58.268 [info] > git merge-base refs/heads/main refs/remotes/origin/main [4ms]
2025-11-09 12:47:58.277 [info] > git diff --name-status -z --diff-filter=ADMR d852d8a99332e4748fb57ae144dc07da3e278481...refs/remotes/origin/main [2ms]
2025-11-09 12:47:58.299 [info] > git log --format=%H%n%aN%n%aE%n%at%n%ct%n%P%n%D%n%B -z --shortstat --diff-merges=first-parent -n50 --skip=0 --topo-order --decorate=full --stdin [9ms]
2025-11-09 12:47:58.316 [info] > git config --get commit.template [2ms]
2025-11-09 12:47:58.326 [info] > git for-each-ref --format=%(refname)%00%(upstream:short)%00%(objectname)%00%(upstream:track)%00%(upstream:remotename)%00%(upstream:remoteref) refs/heads/main refs/remotes/main [2ms]
2025-11-09 12:47:58.341 [info] > git status -z -uall [9ms]
2025-11-09 12:47:58.343 [info] > git for-each-ref --sort -committerdate --format %(refname)%00%(objectname)%00%(*objectname) [3ms]
2025-11-09 12:48:03.059 [info] > git log --oneline --cherry main...main@{upstream} -- [6ms]
2025-11-09 12:48:06.885 [info] > git pull --tags origin main [3817ms]
2025-11-09 12:48:06.885 [info] From github.com:rohitsaini81/blogs.com
 * branch            main       -> FETCH_HEAD
2025-11-09 12:48:10.334 [info] > git push origin main:main [3444ms]
2025-11-09 12:48:10.334 [info] To github.com:rohitsaini81/blogs.com.git
   d852d8a..ada2039  main -> main
2025-11-09 12:48:10.346 [info] > git config --get commit.template [6ms]
2025-11-09 12:48:10.347 [info] > git for-each-ref --format=%(refname)%00%(upstream:short)%00%(objectname)%00%(upstream:track)%00%(upstream:remotename)%00%(upstream:remoteref) refs/heads/main refs/remotes/main [2ms]
2025-11-09 12:48:10.360 [info] > git status -z -uall [8ms]
2025-11-09 12:48:10.361 [info] > git for-each-ref --sort -committerdate --format %(refname)%00%(objectname)%00%(*objectname) [3ms]
2025-11-09 12:48:10.382 [info] > git merge-base refs/heads/main refs/remotes/origin/main [5ms]
2025-11-09 12:48:10.391 [info] > git diff --name-status -z --diff-filter=ADMR ada2039a8d6bbcd1d4b98b28deea3ec55f38cdf5...refs/remotes/origin/main [2ms]
2025-11-09 12:48:10.408 [info] > git log --format=%H%n%aN%n%aE%n%at%n%ct%n%P%n%D%n%B -z --shortstat --diff-merges=first-parent -n50 --skip=0 --topo-order --decorate=full --stdin [8ms]
2025-11-09 12:48:11.428 [info] > git config --get commit.template [2ms]
2025-11-09 12:48:11.436 [info] > git for-each-ref --format=%(refname)%00%(upstream:short)%00%(objectname)%00%(upstream:track)%00%(upstream:remotename)%00%(upstream:remoteref) refs/heads/main refs/remotes/main [1ms]
2025-11-09 12:48:11.448 [info] > git status -z -uall [6ms]
2025-11-09 12:48:11.450 [info] > git for-each-ref --sort -committerdate --format %(refname)%00%(objectname)%00%(*objectname) [2ms]
2025-11-09 12:50:23.049 [info] > git fetch [4006ms]
2025-11-09 12:50:23.056 [info] > git config --get commit.template [1ms]
2025-11-09 12:50:23.067 [info] > git for-each-ref --format=%(refname)%00%(upstream:short)%00%(objectname)%00%(upstream:track)%00%(upstream:remotename)%00%(upstream:remoteref) refs/heads/main refs/remotes/main [3ms]
2025-11-09 12:50:23.083 [info] > git status -z -uall [10ms]
2025-11-09 12:50:23.085 [info] > git for-each-ref --sort -committerdate --format %(refname)%00%(objectname)%00%(*objectname) [3ms]
2025-11-09 12:50:30.269 [info] > git config --get commit.template [2ms]
2025-11-09 12:50:30.278 [info] > git for-each-ref --format=%(refname)%00%(upstream:short)%00%(objectname)%00%(upstream:track)%00%(upstream:remotename)%00%(upstream:remoteref) refs/heads/main refs/remotes/main [3ms]
2025-11-09 12:50:30.293 [info] > git status -z -uall [8ms]
2025-11-09 12:50:30.294 [info] > git for-each-ref --sort -committerdate --format %(refname)%00%(objectname)%00%(*objectname) [2ms]
