2025-11-11 14:32:25.250 [info] [main] Log level: Info
2025-11-11 14:32:25.250 [info] [main] Validating found git in: "git"
2025-11-11 14:32:25.250 [info] [main] Using git "2.51.2" from "git"
2025-11-11 14:32:25.250 [info] [Model][doInitialScan] Initial repository scan started
2025-11-11 14:32:25.250 [info] > git rev-parse --show-toplevel [25ms]
2025-11-11 14:32:25.250 [info] > git rev-parse --git-dir --git-common-dir --show-superproject-working-tree [14ms]
2025-11-11 14:32:25.250 [info] [Model][openRepository] Opened repository (path): /home/rick/Desktop/blogs.com
2025-11-11 14:32:25.250 [info] [Model][openRepository] Opened repository (real path): /home/rick/Desktop/blogs.com
2025-11-11 14:32:25.250 [info] [Model][openRepository] Opened repository (kind): repository
2025-11-11 14:32:25.250 [info] > git rev-parse --show-toplevel [14ms]
2025-11-11 14:32:25.250 [info] > git config --get commit.template [24ms]
2025-11-11 14:32:25.251 [info] > git rev-parse --show-toplevel [38ms]
2025-11-11 14:32:25.320 [info] > git for-each-ref --format=%(refname)%00%(upstream:short)%00%(objectname)%00%(upstream:track)%00%(upstream:remotename)%00%(upstream:remoteref) refs/heads/main refs/remotes/main [71ms]
2025-11-11 14:32:25.640 [info] > git rev-parse --show-toplevel [324ms]
2025-11-11 14:32:25.642 [info] [Model][doInitialScan] Initial repository scan completed - repositories (1), closed repositories (0), parent repositories (0), unsafe repositories (0)
2025-11-11 14:32:25.696 [info] > git status -z -uall [22ms]
2025-11-11 14:32:25.703 [info] > git for-each-ref --sort -committerdate --format %(refname)%00%(objectname)%00%(*objectname) [13ms]
2025-11-11 14:32:25.797 [info] > git check-ignore -v -z --stdin [10ms]
2025-11-11 14:32:25.802 [info] > git for-each-ref --format=%(refname)%00%(upstream:short)%00%(objectname)%00%(upstream:track)%00%(upstream:remotename)%00%(upstream:remoteref) refs/heads/main refs/remotes/main [29ms]
2025-11-11 14:32:25.816 [info] > git config --get --local branch.main.vscode-merge-base [6ms]
2025-11-11 14:32:25.823 [info] > git config --get commit.template [27ms]
2025-11-11 14:32:25.828 [info] > git for-each-ref --format=%(refname)%00%(upstream:short)%00%(objectname)%00%(upstream:track)%00%(upstream:remotename)%00%(upstream:remoteref) refs/heads/origin/main refs/remotes/origin/main [6ms]
2025-11-11 14:32:25.862 [info] > git merge-base refs/heads/main refs/remotes/origin/main [14ms]
2025-11-11 14:32:25.909 [info] > git diff --name-status -z --diff-filter=ADMR ada2039a8d6bbcd1d4b98b28deea3ec55f38cdf5...refs/remotes/origin/main [27ms]
2025-11-11 14:32:25.910 [info] > git for-each-ref --format=%(refname)%00%(upstream:short)%00%(objectname)%00%(upstream:track)%00%(upstream:remotename)%00%(upstream:remoteref) refs/heads/main refs/remotes/main [50ms]
2025-11-11 14:32:25.931 [info] > git status -z -uall [11ms]
2025-11-11 14:32:25.933 [info] > git for-each-ref --sort -committerdate --format %(refname)%00%(objectname)%00%(*objectname) [4ms]
