2025-11-19 21:23:11.762 [info] [main] Log level: Info
2025-11-19 21:23:11.762 [info] [main] Validating found git in: "git"
2025-11-19 21:23:11.931 [info] [main] Using git "2.51.2" from "git"
2025-11-19 21:23:11.931 [info] [Model][doInitialScan] Initial repository scan started
2025-11-19 21:23:12.047 [info] > git rev-parse --show-toplevel [70ms]
2025-11-19 21:23:12.464 [info] > git rev-parse --git-dir --git-common-dir --show-superproject-working-tree [21ms]
2025-11-19 21:23:12.489 [info] [Model][openRepository] Opened repository (path): /home/rick/Desktop/blogs.com
2025-11-19 21:23:12.489 [info] [Model][openRepository] Opened repository (real path): /home/rick/Desktop/blogs.com
2025-11-19 21:23:12.489 [info] [Model][openRepository] Opened repository (kind): repository
2025-11-19 21:23:12.525 [info] > git config --get commit.template [22ms]
2025-11-19 21:23:12.527 [info] > git rev-parse --show-toplevel [18ms]
2025-11-19 21:23:12.552 [info] > git rev-parse --show-toplevel [4ms]
2025-11-19 21:23:12.563 [info] > git for-each-ref --format=%(refname)%00%(upstream:short)%00%(objectname)%00%(upstream:track)%00%(upstream:remotename)%00%(upstream:remoteref) refs/heads/main refs/remotes/main [27ms]
2025-11-19 21:23:12.564 [info] > git rev-parse --show-toplevel [3ms]
2025-11-19 21:23:12.576 [info] > git rev-parse --show-toplevel [3ms]
2025-11-19 21:23:12.576 [info] [Model][doInitialScan] Initial repository scan completed - repositories (1), closed repositories (0), parent repositories (0), unsafe repositories (0)
2025-11-19 21:23:12.603 [info] > git status -z -uall [17ms]
2025-11-19 21:23:12.606 [info] > git for-each-ref --sort -committerdate --format %(refname)%00%(objectname)%00%(*objectname) [8ms]
2025-11-19 21:23:12.685 [info] > git for-each-ref --format=%(refname)%00%(upstream:short)%00%(objectname)%00%(upstream:track)%00%(upstream:remotename)%00%(upstream:remoteref) refs/heads/main refs/remotes/main [21ms]
2025-11-19 21:23:12.710 [info] > git config --get commit.template [26ms]
2025-11-19 21:23:12.725 [info] > git config --get --local branch.main.vscode-merge-base [20ms]
2025-11-19 21:23:12.770 [info] > git for-each-ref --format=%(refname)%00%(upstream:short)%00%(objectname)%00%(upstream:track)%00%(upstream:remotename)%00%(upstream:remoteref) refs/heads/origin/main refs/remotes/origin/main [19ms]
2025-11-19 21:23:12.809 [info] > git for-each-ref --format=%(refname)%00%(upstream:short)%00%(objectname)%00%(upstream:track)%00%(upstream:remotename)%00%(upstream:remoteref) refs/heads/main refs/remotes/main [47ms]
2025-11-19 21:23:12.819 [info] > git merge-base refs/heads/main refs/remotes/origin/main [20ms]
2025-11-19 21:23:12.945 [info] > git status -z -uall [37ms]
2025-11-19 21:23:12.954 [info] > git diff --name-status -z --diff-filter=ADMR ada2039a8d6bbcd1d4b98b28deea3ec55f38cdf5...refs/remotes/origin/main [97ms]
2025-11-19 21:23:12.964 [info] > git for-each-ref --sort -committerdate --format %(refname)%00%(objectname)%00%(*objectname) [21ms]
2025-11-19 21:23:14.658 [info] > git check-ignore -v -z --stdin [19ms]
2025-11-19 21:23:34.383 [info] > git fetch [3989ms]
2025-11-19 21:23:34.394 [info] > git config --get commit.template [5ms]
2025-11-19 21:23:34.394 [info] > git for-each-ref --format=%(refname)%00%(upstream:short)%00%(objectname)%00%(upstream:track)%00%(upstream:remotename)%00%(upstream:remoteref) refs/heads/main refs/remotes/main [1ms]
2025-11-19 21:23:34.405 [info] > git status -z -uall [6ms]
2025-11-19 21:23:34.407 [info] > git for-each-ref --sort -committerdate --format %(refname)%00%(objectname)%00%(*objectname) [3ms]
2025-11-19 21:23:36.667 [info] > git check-ignore -v -z --stdin [2ms]
2025-11-19 21:23:41.372 [info] > git show --textconv :src/app/blog/[slug]/page.jsx [17ms]
2025-11-19 21:23:41.372 [info] > git ls-files --stage -- src/app/blog/[slug]/page.jsx [8ms]
2025-11-19 21:23:41.384 [info] > git cat-file -s fa94d9a096c61fc3ec03622b0169ff5695a4a7e9 [3ms]
2025-11-19 21:23:41.428 [info] > git blame --root --incremental ada2039a8d6bbcd1d4b98b28deea3ec55f38cdf5 -- src/app/blog/[slug]/page.jsx [8ms]
2025-11-19 21:24:07.144 [info] > git config --get commit.template [6ms]
2025-11-19 21:24:07.145 [info] > git for-each-ref --format=%(refname)%00%(upstream:short)%00%(objectname)%00%(upstream:track)%00%(upstream:remotename)%00%(upstream:remoteref) refs/heads/main refs/remotes/main [2ms]
2025-11-19 21:24:07.155 [info] > git status -z -uall [5ms]
2025-11-19 21:24:07.156 [info] > git for-each-ref --sort -committerdate --format %(refname)%00%(objectname)%00%(*objectname) [1ms]
2025-11-19 21:24:19.298 [info] > git config --get commit.template [6ms]
2025-11-19 21:24:19.357 [info] > git for-each-ref --format=%(refname)%00%(upstream:short)%00%(objectname)%00%(upstream:track)%00%(upstream:remotename)%00%(upstream:remoteref) refs/heads/main refs/remotes/main [13ms]
2025-11-19 21:24:19.395 [info] > git status -z -uall [31ms]
2025-11-19 21:24:19.397 [info] > git for-each-ref --sort -committerdate --format %(refname)%00%(objectname)%00%(*objectname) [5ms]
2025-11-19 21:24:25.482 [info] > git for-each-ref --format=%(refname)%00%(upstream:short)%00%(objectname)%00%(upstream:track)%00%(upstream:remotename)%00%(upstream:remoteref) refs/heads/main refs/remotes/main [18ms]
2025-11-19 21:24:25.482 [info] > git config --get commit.template [31ms]
2025-11-19 21:24:25.538 [info] > git status -z -uall [29ms]
2025-11-19 21:24:25.546 [info] > git for-each-ref --sort -committerdate --format %(refname)%00%(objectname)%00%(*objectname) [9ms]
2025-11-19 21:24:28.168 [info] > git show --textconv :src/app/page.jsx [10ms]
2025-11-19 21:24:28.168 [info] > git ls-files --stage -- src/app/page.jsx [3ms]
2025-11-19 21:24:28.177 [info] > git cat-file -s 089853eaf3bdab488c0440d295a3dc96ed764987 [3ms]
2025-11-19 21:24:28.219 [info] > git blame --root --incremental ada2039a8d6bbcd1d4b98b28deea3ec55f38cdf5 -- src/app/page.jsx [10ms]
2025-11-19 21:24:30.583 [info] > git config --get commit.template [2ms]
2025-11-19 21:24:30.593 [info] > git for-each-ref --format=%(refname)%00%(upstream:short)%00%(objectname)%00%(upstream:track)%00%(upstream:remotename)%00%(upstream:remoteref) refs/heads/main refs/remotes/main [3ms]
2025-11-19 21:24:30.624 [info] > git status -z -uall [14ms]
2025-11-19 21:24:30.626 [info] > git for-each-ref --sort -committerdate --format %(refname)%00%(objectname)%00%(*objectname) [5ms]
2025-11-19 21:25:53.481 [info] > git config --get commit.template [4ms]
2025-11-19 21:25:53.502 [info] > git for-each-ref --format=%(refname)%00%(upstream:short)%00%(objectname)%00%(upstream:track)%00%(upstream:remotename)%00%(upstream:remoteref) refs/heads/main refs/remotes/main [3ms]
2025-11-19 21:25:53.532 [info] > git status -z -uall [17ms]
2025-11-19 21:25:53.534 [info] > git for-each-ref --sort -committerdate --format %(refname)%00%(objectname)%00%(*objectname) [3ms]
2025-11-19 21:26:13.122 [info] > git config --get commit.template [22ms]
2025-11-19 21:26:13.169 [info] > git for-each-ref --format=%(refname)%00%(upstream:short)%00%(objectname)%00%(upstream:track)%00%(upstream:remotename)%00%(upstream:remoteref) refs/heads/main refs/remotes/main [27ms]
2025-11-19 21:26:13.237 [info] > git status -z -uall [32ms]
2025-11-19 21:26:13.240 [info] > git for-each-ref --sort -committerdate --format %(refname)%00%(objectname)%00%(*objectname) [9ms]
2025-11-19 21:26:17.657 [info] > git check-ignore -v -z --stdin [1ms]
2025-11-19 21:26:24.781 [info] > git show --textconv :src/app/Navbar.jsx [15ms]
2025-11-19 21:26:24.799 [info] > git ls-files --stage -- src/app/Navbar.jsx [19ms]
2025-11-19 21:26:24.816 [info] > git hash-object -t tree /dev/null [20ms]
2025-11-19 21:26:24.816 [warning] [GitFileSystemProvider][readFile] File not found - git:/home/rick/Desktop/blogs.com/src/app/Navbar.jsx.git?%7B%22path%22%3A%22%2Fhome%2Frick%2FDesktop%2Fblogs.com%2Fsrc%2Fapp%2FNavbar.jsx%22%2C%22ref%22%3A%22%22%7D
2025-11-19 21:26:24.820 [info] > git hash-object -t tree /dev/null [5ms]
2025-11-19 21:26:24.820 [warning] [GitFileSystemProvider][stat] File not found - git:/home/rick/Desktop/blogs.com/src/app/Navbar.jsx.git?%7B%22path%22%3A%22%2Fhome%2Frick%2FDesktop%2Fblogs.com%2Fsrc%2Fapp%2FNavbar.jsx%22%2C%22ref%22%3A%22%22%7D
2025-11-19 21:26:25.035 [info] > git check-ignore -v -z --stdin [2ms]
2025-11-19 21:28:23.080 [info] > git config --get commit.template [13ms]
2025-11-19 21:28:23.104 [info] > git for-each-ref --format=%(refname)%00%(upstream:short)%00%(objectname)%00%(upstream:track)%00%(upstream:remotename)%00%(upstream:remoteref) refs/heads/main refs/remotes/main [6ms]
2025-11-19 21:28:23.147 [info] > git status -z -uall [22ms]
2025-11-19 21:28:23.154 [info] > git for-each-ref --sort -committerdate --format %(refname)%00%(objectname)%00%(*objectname) [12ms]
2025-11-19 21:28:27.053 [info] > git fetch [4011ms]
2025-11-19 21:28:27.072 [info] > git config --get commit.template [12ms]
2025-11-19 21:28:27.073 [info] > git for-each-ref --format=%(refname)%00%(upstream:short)%00%(objectname)%00%(upstream:track)%00%(upstream:remotename)%00%(upstream:remoteref) refs/heads/main refs/remotes/main [2ms]
2025-11-19 21:28:27.106 [info] > git status -z -uall [16ms]
2025-11-19 21:28:27.112 [info] > git for-each-ref --sort -committerdate --format %(refname)%00%(objectname)%00%(*objectname) [6ms]
2025-11-19 21:29:47.200 [info] > git config --get commit.template [16ms]
2025-11-19 21:29:47.235 [info] > git for-each-ref --format=%(refname)%00%(upstream:short)%00%(objectname)%00%(upstream:track)%00%(upstream:remotename)%00%(upstream:remoteref) refs/heads/main refs/remotes/main [9ms]
2025-11-19 21:29:47.288 [info] > git status -z -uall [33ms]
2025-11-19 21:29:47.289 [info] > git for-each-ref --sort -committerdate --format %(refname)%00%(objectname)%00%(*objectname) [9ms]
2025-11-19 21:29:52.657 [info] > git show --textconv :src/app/Hero.js [10ms]
2025-11-19 21:29:52.658 [warning] [GitFileSystemProvider][readFile] File not found - git:/home/rick/Desktop/blogs.com/src/app/Hero.js.git?%7B%22path%22%3A%22%2Fhome%2Frick%2FDesktop%2Fblogs.com%2Fsrc%2Fapp%2FHero.js%22%2C%22ref%22%3A%22%22%7D
2025-11-19 21:29:52.659 [info] > git ls-files --stage -- src/app/Hero.js [3ms]
2025-11-19 21:29:52.659 [warning] [GitFileSystemProvider][stat] File not found - git:/home/rick/Desktop/blogs.com/src/app/Hero.js.git?%7B%22path%22%3A%22%2Fhome%2Frick%2FDesktop%2Fblogs.com%2Fsrc%2Fapp%2FHero.js%22%2C%22ref%22%3A%22%22%7D
2025-11-19 21:29:52.935 [info] > git check-ignore -v -z --stdin [5ms]
2025-11-19 21:29:53.507 [info] > git config --get commit.template [7ms]
2025-11-19 21:29:53.508 [info] > git for-each-ref --format=%(refname)%00%(upstream:short)%00%(objectname)%00%(upstream:track)%00%(upstream:remotename)%00%(upstream:remoteref) refs/heads/main refs/remotes/main [1ms]
2025-11-19 21:29:53.521 [info] > git status -z -uall [8ms]
2025-11-19 21:29:53.522 [info] > git for-each-ref --sort -committerdate --format %(refname)%00%(objectname)%00%(*objectname) [2ms]
2025-11-19 21:30:03.953 [info] > git config --get commit.template [8ms]
2025-11-19 21:30:03.986 [info] > git for-each-ref --format=%(refname)%00%(upstream:short)%00%(objectname)%00%(upstream:track)%00%(upstream:remotename)%00%(upstream:remoteref) refs/heads/main refs/remotes/main [14ms]
2025-11-19 21:30:04.071 [info] > git status -z -uall [52ms]
2025-11-19 21:30:04.094 [info] > git for-each-ref --sort -committerdate --format %(refname)%00%(objectname)%00%(*objectname) [40ms]
2025-11-19 21:30:12.257 [info] > git show --textconv :src/app/Application.js [6ms]
2025-11-19 21:30:12.258 [warning] [GitFileSystemProvider][readFile] File not found - git:/home/rick/Desktop/blogs.com/src/app/Application.js.git?%7B%22path%22%3A%22%2Fhome%2Frick%2FDesktop%2Fblogs.com%2Fsrc%2Fapp%2FApplication.js%22%2C%22ref%22%3A%22%22%7D
2025-11-19 21:30:12.259 [info] > git ls-files --stage -- src/app/Application.js [2ms]
2025-11-19 21:30:12.259 [warning] [GitFileSystemProvider][stat] File not found - git:/home/rick/Desktop/blogs.com/src/app/Application.js.git?%7B%22path%22%3A%22%2Fhome%2Frick%2FDesktop%2Fblogs.com%2Fsrc%2Fapp%2FApplication.js%22%2C%22ref%22%3A%22%22%7D
2025-11-19 21:30:12.536 [info] > git check-ignore -v -z --stdin [2ms]
2025-11-19 21:30:13.111 [info] > git config --get commit.template [7ms]
2025-11-19 21:30:13.111 [info] > git for-each-ref --format=%(refname)%00%(upstream:short)%00%(objectname)%00%(upstream:track)%00%(upstream:remotename)%00%(upstream:remoteref) refs/heads/main refs/remotes/main [1ms]
2025-11-19 21:30:13.123 [info] > git status -z -uall [6ms]
2025-11-19 21:30:13.125 [info] > git for-each-ref --sort -committerdate --format %(refname)%00%(objectname)%00%(*objectname) [2ms]
2025-11-19 21:30:32.707 [info] > git config --get commit.template [1ms]
2025-11-19 21:30:32.725 [info] > git for-each-ref --format=%(refname)%00%(upstream:short)%00%(objectname)%00%(upstream:track)%00%(upstream:remotename)%00%(upstream:remoteref) refs/heads/main refs/remotes/main [10ms]
2025-11-19 21:30:32.756 [info] > git status -z -uall [16ms]
2025-11-19 21:30:32.757 [info] > git for-each-ref --sort -committerdate --format %(refname)%00%(objectname)%00%(*objectname) [8ms]
2025-11-19 21:30:35.888 [info] > git show --textconv :src/app/page.jsx [13ms]
2025-11-19 21:30:35.890 [info] > git ls-files --stage -- src/app/page.jsx [3ms]
2025-11-19 21:30:35.900 [info] > git cat-file -s 089853eaf3bdab488c0440d295a3dc96ed764987 [3ms]
2025-11-19 21:31:13.565 [info] > git for-each-ref --format=%(refname)%00%(upstream:short)%00%(objectname)%00%(upstream:track)%00%(upstream:remotename)%00%(upstream:remoteref) refs/heads/main refs/remotes/main [8ms]
2025-11-19 21:31:13.566 [info] > git config --get commit.template [25ms]
2025-11-19 21:31:13.599 [info] > git status -z -uall [16ms]
2025-11-19 21:31:13.599 [info] > git for-each-ref --sort -committerdate --format %(refname)%00%(objectname)%00%(*objectname) [7ms]
2025-11-19 21:31:35.314 [info] > git fetch [5105ms]
2025-11-19 21:31:35.325 [info] > git config --get commit.template [6ms]
2025-11-19 21:31:35.326 [info] > git for-each-ref --format=%(refname)%00%(upstream:short)%00%(objectname)%00%(upstream:track)%00%(upstream:remotename)%00%(upstream:remoteref) refs/heads/main refs/remotes/main [2ms]
2025-11-19 21:31:35.337 [info] > git status -z -uall [7ms]
2025-11-19 21:31:35.338 [info] > git for-each-ref --sort -committerdate --format %(refname)%00%(objectname)%00%(*objectname) [2ms]
2025-11-19 21:31:41.884 [info] > git config --get commit.template [9ms]
2025-11-19 21:31:41.884 [info] > git for-each-ref --format=%(refname)%00%(upstream:short)%00%(objectname)%00%(upstream:track)%00%(upstream:remotename)%00%(upstream:remoteref) refs/heads/main refs/remotes/main [3ms]
2025-11-19 21:31:41.899 [info] > git status -z -uall [8ms]
2025-11-19 21:31:41.901 [info] > git for-each-ref --sort -committerdate --format %(refname)%00%(objectname)%00%(*objectname) [3ms]
2025-11-19 21:31:49.799 [info] > git show --textconv :src/app/page.jsx [8ms]
2025-11-19 21:31:49.801 [info] > git ls-files --stage -- src/app/page.jsx [2ms]
2025-11-19 21:31:49.812 [info] > git cat-file -s 089853eaf3bdab488c0440d295a3dc96ed764987 [3ms]
2025-11-19 21:31:57.068 [info] > git config --get commit.template [6ms]
2025-11-19 21:31:57.094 [info] > git for-each-ref --format=%(refname)%00%(upstream:short)%00%(objectname)%00%(upstream:track)%00%(upstream:remotename)%00%(upstream:remoteref) refs/heads/main refs/remotes/main [7ms]
2025-11-19 21:31:57.120 [info] > git status -z -uall [14ms]
2025-11-19 21:31:57.128 [info] > git for-each-ref --sort -committerdate --format %(refname)%00%(objectname)%00%(*objectname) [8ms]
2025-11-19 21:32:22.427 [info] > git check-ignore -v -z --stdin [2ms]
2025-11-19 21:32:23.313 [info] > git config --get commit.template [2ms]
2025-11-19 21:32:23.319 [info] > git for-each-ref --format=%(refname)%00%(upstream:short)%00%(objectname)%00%(upstream:track)%00%(upstream:remotename)%00%(upstream:remoteref) refs/heads/main refs/remotes/main [2ms]
2025-11-19 21:32:23.331 [info] > git status -z -uall [6ms]
2025-11-19 21:32:23.332 [info] > git for-each-ref --sort -committerdate --format %(refname)%00%(objectname)%00%(*objectname) [2ms]
2025-11-19 21:32:31.077 [info] > git show --textconv :src/app/components/Applications.jsx [22ms]
2025-11-19 21:32:31.078 [warning] [GitFileSystemProvider][readFile] File not found - git:/home/rick/Desktop/blogs.com/src/app/components/Applications.jsx.git?%7B%22path%22%3A%22%2Fhome%2Frick%2FDesktop%2Fblogs.com%2Fsrc%2Fapp%2Fcomponents%2FApplications.jsx%22%2C%22ref%22%3A%22%22%7D
2025-11-19 21:32:31.082 [info] > git ls-files --stage -- src/app/components/Applications.jsx [5ms]
2025-11-19 21:32:31.084 [warning] [GitFileSystemProvider][stat] File not found - git:/home/rick/Desktop/blogs.com/src/app/components/Applications.jsx.git?%7B%22path%22%3A%22%2Fhome%2Frick%2FDesktop%2Fblogs.com%2Fsrc%2Fapp%2Fcomponents%2FApplications.jsx%22%2C%22ref%22%3A%22%22%7D
2025-11-19 21:32:31.270 [info] > git check-ignore -v -z --stdin [2ms]
2025-11-19 21:32:32.122 [info] > git config --get commit.template [6ms]
2025-11-19 21:32:32.123 [info] > git for-each-ref --format=%(refname)%00%(upstream:short)%00%(objectname)%00%(upstream:track)%00%(upstream:remotename)%00%(upstream:remoteref) refs/heads/main refs/remotes/main [2ms]
2025-11-19 21:32:32.136 [info] > git status -z -uall [7ms]
2025-11-19 21:32:32.137 [info] > git for-each-ref --sort -committerdate --format %(refname)%00%(objectname)%00%(*objectname) [3ms]
2025-11-19 21:32:40.072 [info] > git config --get commit.template [6ms]
2025-11-19 21:32:40.072 [info] > git for-each-ref --format=%(refname)%00%(upstream:short)%00%(objectname)%00%(upstream:track)%00%(upstream:remotename)%00%(upstream:remoteref) refs/heads/main refs/remotes/main [2ms]
2025-11-19 21:32:40.085 [info] > git status -z -uall [8ms]
2025-11-19 21:32:40.087 [info] > git for-each-ref --sort -committerdate --format %(refname)%00%(objectname)%00%(*objectname) [2ms]
2025-11-19 21:32:45.109 [info] > git config --get commit.template [10ms]
2025-11-19 21:32:45.111 [info] > git for-each-ref --format=%(refname)%00%(upstream:short)%00%(objectname)%00%(upstream:track)%00%(upstream:remotename)%00%(upstream:remoteref) refs/heads/main refs/remotes/main [2ms]
2025-11-19 21:32:45.123 [info] > git status -z -uall [7ms]
2025-11-19 21:32:45.124 [info] > git for-each-ref --sort -committerdate --format %(refname)%00%(objectname)%00%(*objectname) [2ms]
2025-11-19 21:32:50.141 [info] > git config --get commit.template [2ms]
2025-11-19 21:32:50.153 [info] > git for-each-ref --format=%(refname)%00%(upstream:short)%00%(objectname)%00%(upstream:track)%00%(upstream:remotename)%00%(upstream:remoteref) refs/heads/main refs/remotes/main [2ms]
2025-11-19 21:32:50.169 [info] > git status -z -uall [11ms]
2025-11-19 21:32:50.171 [info] > git for-each-ref --sort -committerdate --format %(refname)%00%(objectname)%00%(*objectname) [2ms]
2025-11-19 21:32:53.653 [info] > git show --textconv :src/app/components/Hero.js [17ms]
2025-11-19 21:32:53.657 [warning] [GitFileSystemProvider][readFile] File not found - git:/home/rick/Desktop/blogs.com/src/app/components/Hero.js.git?%7B%22path%22%3A%22%2Fhome%2Frick%2FDesktop%2Fblogs.com%2Fsrc%2Fapp%2Fcomponents%2FHero.js%22%2C%22ref%22%3A%22%22%7D
2025-11-19 21:32:53.658 [info] > git ls-files --stage -- src/app/components/Hero.js [7ms]
2025-11-19 21:32:53.658 [warning] [GitFileSystemProvider][stat] File not found - git:/home/rick/Desktop/blogs.com/src/app/components/Hero.js.git?%7B%22path%22%3A%22%2Fhome%2Frick%2FDesktop%2Fblogs.com%2Fsrc%2Fapp%2Fcomponents%2FHero.js%22%2C%22ref%22%3A%22%22%7D
2025-11-19 21:32:53.875 [info] > git check-ignore -v -z --stdin [1ms]
2025-11-19 21:32:55.195 [info] > git config --get commit.template [6ms]
2025-11-19 21:32:55.197 [info] > git for-each-ref --format=%(refname)%00%(upstream:short)%00%(objectname)%00%(upstream:track)%00%(upstream:remotename)%00%(upstream:remoteref) refs/heads/main refs/remotes/main [3ms]
2025-11-19 21:32:55.215 [info] > git status -z -uall [10ms]
2025-11-19 21:32:55.215 [info] > git for-each-ref --sort -committerdate --format %(refname)%00%(objectname)%00%(*objectname) [3ms]
2025-11-19 21:33:00.238 [info] > git config --get commit.template [9ms]
2025-11-19 21:33:00.238 [info] > git for-each-ref --format=%(refname)%00%(upstream:short)%00%(objectname)%00%(upstream:track)%00%(upstream:remotename)%00%(upstream:remoteref) refs/heads/main refs/remotes/main [2ms]
2025-11-19 21:33:00.250 [info] > git status -z -uall [7ms]
2025-11-19 21:33:00.251 [info] > git for-each-ref --sort -committerdate --format %(refname)%00%(objectname)%00%(*objectname) [2ms]
2025-11-19 21:33:01.041 [info] > git show --textconv :src/app/page.jsx [10ms]
2025-11-19 21:33:01.042 [info] > git ls-files --stage -- src/app/page.jsx [2ms]
2025-11-19 21:33:01.056 [info] > git cat-file -s 089853eaf3bdab488c0440d295a3dc96ed764987 [2ms]
2025-11-19 21:33:06.584 [info] > git show --textconv :src/app/page.jsx [20ms]
2025-11-19 21:33:06.587 [info] > git ls-files --stage -- src/app/page.jsx [8ms]
2025-11-19 21:33:06.610 [info] > git cat-file -s 089853eaf3bdab488c0440d295a3dc96ed764987 [2ms]
2025-11-19 21:33:07.487 [info] > git config --get commit.template [6ms]
2025-11-19 21:33:07.488 [info] > git for-each-ref --format=%(refname)%00%(upstream:short)%00%(objectname)%00%(upstream:track)%00%(upstream:remotename)%00%(upstream:remoteref) refs/heads/main refs/remotes/main [2ms]
2025-11-19 21:33:07.500 [info] > git status -z -uall [7ms]
2025-11-19 21:33:07.501 [info] > git for-each-ref --sort -committerdate --format %(refname)%00%(objectname)%00%(*objectname) [2ms]
2025-11-19 21:33:12.141 [info] > git show --textconv :src/app/page.jsx [1ms]
2025-11-19 21:33:12.187 [info] > git ls-files --stage -- src/app/page.jsx [10ms]
2025-11-19 21:33:12.210 [info] > git cat-file -s 089853eaf3bdab488c0440d295a3dc96ed764987 [14ms]
2025-11-19 21:33:13.221 [info] > git config --get commit.template [6ms]
2025-11-19 21:33:13.222 [info] > git for-each-ref --format=%(refname)%00%(upstream:short)%00%(objectname)%00%(upstream:track)%00%(upstream:remotename)%00%(upstream:remoteref) refs/heads/main refs/remotes/main [1ms]
2025-11-19 21:33:13.233 [info] > git status -z -uall [6ms]
2025-11-19 21:33:13.234 [info] > git for-each-ref --sort -committerdate --format %(refname)%00%(objectname)%00%(*objectname) [2ms]
2025-11-19 21:33:16.785 [info] > git check-ignore -v -z --stdin [2ms]
2025-11-19 21:33:18.880 [info] > git config --get commit.template [4ms]
2025-11-19 21:33:18.909 [info] > git for-each-ref --format=%(refname)%00%(upstream:short)%00%(objectname)%00%(upstream:track)%00%(upstream:remotename)%00%(upstream:remoteref) refs/heads/main refs/remotes/main [4ms]
2025-11-19 21:33:18.943 [info] > git status -z -uall [19ms]
2025-11-19 21:33:18.946 [info] > git for-each-ref --sort -committerdate --format %(refname)%00%(objectname)%00%(*objectname) [4ms]
2025-11-19 21:33:27.027 [info] > git config --get commit.template [7ms]
2025-11-19 21:33:27.057 [info] > git for-each-ref --format=%(refname)%00%(upstream:short)%00%(objectname)%00%(upstream:track)%00%(upstream:remotename)%00%(upstream:remoteref) refs/heads/main refs/remotes/main [12ms]
2025-11-19 21:33:27.097 [info] > git status -z -uall [22ms]
2025-11-19 21:33:27.111 [info] > git for-each-ref --sort -committerdate --format %(refname)%00%(objectname)%00%(*objectname) [14ms]
2025-11-19 21:33:32.663 [info] > git config --get commit.template [1ms]
2025-11-19 21:33:32.669 [info] > git for-each-ref --format=%(refname)%00%(upstream:short)%00%(objectname)%00%(upstream:track)%00%(upstream:remotename)%00%(upstream:remoteref) refs/heads/main refs/remotes/main [2ms]
2025-11-19 21:33:32.679 [info] > git status -z -uall [6ms]
2025-11-19 21:33:32.680 [info] > git for-each-ref --sort -committerdate --format %(refname)%00%(objectname)%00%(*objectname) [2ms]
2025-11-19 21:33:39.079 [info] > git config --get commit.template [7ms]
2025-11-19 21:33:39.079 [info] > git for-each-ref --format=%(refname)%00%(upstream:short)%00%(objectname)%00%(upstream:track)%00%(upstream:remotename)%00%(upstream:remoteref) refs/heads/main refs/remotes/main [1ms]
2025-11-19 21:33:39.093 [info] > git status -z -uall [7ms]
2025-11-19 21:33:39.094 [info] > git for-each-ref --sort -committerdate --format %(refname)%00%(objectname)%00%(*objectname) [3ms]
2025-11-19 21:33:50.229 [info] > git config --get commit.template [8ms]
2025-11-19 21:33:50.230 [info] > git for-each-ref --format=%(refname)%00%(upstream:short)%00%(objectname)%00%(upstream:track)%00%(upstream:remotename)%00%(upstream:remoteref) refs/heads/main refs/remotes/main [2ms]
2025-11-19 21:33:50.241 [info] > git status -z -uall [6ms]
2025-11-19 21:33:50.242 [info] > git for-each-ref --sort -committerdate --format %(refname)%00%(objectname)%00%(*objectname) [2ms]
2025-11-19 21:33:56.340 [info] > git config --get commit.template [2ms]
2025-11-19 21:33:56.364 [info] > git for-each-ref --format=%(refname)%00%(upstream:short)%00%(objectname)%00%(upstream:track)%00%(upstream:remotename)%00%(upstream:remoteref) refs/heads/main refs/remotes/main [11ms]
2025-11-19 21:33:56.424 [info] > git status -z -uall [23ms]
2025-11-19 21:33:56.427 [info] > git for-each-ref --sort -committerdate --format %(refname)%00%(objectname)%00%(*objectname) [9ms]
2025-11-19 21:34:06.653 [info] > git config --get commit.template [19ms]
2025-11-19 21:34:06.656 [info] > git for-each-ref --format=%(refname)%00%(upstream:short)%00%(objectname)%00%(upstream:track)%00%(upstream:remotename)%00%(upstream:remoteref) refs/heads/main refs/remotes/main [4ms]
2025-11-19 21:34:06.708 [info] > git status -z -uall [27ms]
2025-11-19 21:34:06.715 [info] > git for-each-ref --sort -committerdate --format %(refname)%00%(objectname)%00%(*objectname) [16ms]
2025-11-19 21:34:24.604 [info] > git config --get commit.template [6ms]
2025-11-19 21:34:24.605 [info] > git for-each-ref --format=%(refname)%00%(upstream:short)%00%(objectname)%00%(upstream:track)%00%(upstream:remotename)%00%(upstream:remoteref) refs/heads/main refs/remotes/main [2ms]
2025-11-19 21:34:24.615 [info] > git status -z -uall [6ms]
2025-11-19 21:34:24.616 [info] > git for-each-ref --sort -committerdate --format %(refname)%00%(objectname)%00%(*objectname) [1ms]
2025-11-19 21:34:47.972 [info] > git ls-files --stage -- src/app/page.jsx [6ms]
2025-11-19 21:34:47.993 [info] > git cat-file -s 089853eaf3bdab488c0440d295a3dc96ed764987 [5ms]
2025-11-19 21:34:48.041 [info] > git show --textconv :src/app/page.jsx [4ms]
2025-11-19 21:34:50.199 [info] > git fetch [4229ms]
2025-11-19 21:34:50.213 [info] > git config --get commit.template [8ms]
2025-11-19 21:34:50.214 [info] > git for-each-ref --format=%(refname)%00%(upstream:short)%00%(objectname)%00%(upstream:track)%00%(upstream:remotename)%00%(upstream:remoteref) refs/heads/main refs/remotes/main [2ms]
2025-11-19 21:34:50.224 [info] > git status -z -uall [6ms]
2025-11-19 21:34:50.226 [info] > git for-each-ref --sort -committerdate --format %(refname)%00%(objectname)%00%(*objectname) [2ms]
2025-11-19 21:34:50.238 [info] > git config --get commit.template [4ms]
2025-11-19 21:34:50.244 [info] > git for-each-ref --format=%(refname)%00%(upstream:short)%00%(objectname)%00%(upstream:track)%00%(upstream:remotename)%00%(upstream:remoteref) refs/heads/main refs/remotes/main [1ms]
2025-11-19 21:34:50.255 [info] > git status -z -uall [6ms]
2025-11-19 21:34:50.256 [info] > git for-each-ref --sort -committerdate --format %(refname)%00%(objectname)%00%(*objectname) [2ms]
2025-11-19 21:34:51.014 [info] > git ls-files --stage -- src/app/page.jsx [1ms]
2025-11-19 21:34:51.021 [info] > git cat-file -s 089853eaf3bdab488c0440d295a3dc96ed764987 [2ms]
2025-11-19 21:34:51.028 [info] > git show --textconv :src/app/page.jsx [2ms]
2025-11-19 21:35:11.596 [info] > git config --get commit.template [42ms]
2025-11-19 21:35:11.608 [info] > git for-each-ref --format=%(refname)%00%(upstream:short)%00%(objectname)%00%(upstream:track)%00%(upstream:remotename)%00%(upstream:remoteref) refs/heads/main refs/remotes/main [18ms]
2025-11-19 21:35:11.659 [info] > git status -z -uall [33ms]
2025-11-19 21:35:11.660 [info] > git for-each-ref --sort -committerdate --format %(refname)%00%(objectname)%00%(*objectname) [9ms]
2025-11-19 21:35:41.699 [info] > git config --get commit.template [0ms]
2025-11-19 21:35:41.718 [info] > git for-each-ref --format=%(refname)%00%(upstream:short)%00%(objectname)%00%(upstream:track)%00%(upstream:remotename)%00%(upstream:remoteref) refs/heads/main refs/remotes/main [4ms]
2025-11-19 21:35:41.744 [info] > git status -z -uall [15ms]
2025-11-19 21:35:41.746 [info] > git for-each-ref --sort -committerdate --format %(refname)%00%(objectname)%00%(*objectname) [6ms]
2025-11-19 21:35:46.770 [info] > git config --get commit.template [11ms]
2025-11-19 21:35:46.774 [info] > git for-each-ref --format=%(refname)%00%(upstream:short)%00%(objectname)%00%(upstream:track)%00%(upstream:remotename)%00%(upstream:remoteref) refs/heads/main refs/remotes/main [5ms]
2025-11-19 21:35:46.794 [info] > git status -z -uall [11ms]
2025-11-19 21:35:46.799 [info] > git for-each-ref --sort -committerdate --format %(refname)%00%(objectname)%00%(*objectname) [6ms]
2025-11-19 21:36:07.341 [info] > git config --get commit.template [21ms]
2025-11-19 21:36:07.355 [info] > git for-each-ref --format=%(refname)%00%(upstream:short)%00%(objectname)%00%(upstream:track)%00%(upstream:remotename)%00%(upstream:remoteref) refs/heads/main refs/remotes/main [15ms]
2025-11-19 21:36:07.435 [info] > git status -z -uall [20ms]
2025-11-19 21:36:07.435 [info] > git for-each-ref --sort -committerdate --format %(refname)%00%(objectname)%00%(*objectname) [12ms]
2025-11-19 21:36:34.556 [info] > git show --textconv :src/lib/fetchPosts.js [70ms]
2025-11-19 21:36:34.556 [info] > git ls-files --stage -- src/lib/fetchPosts.js [13ms]
2025-11-19 21:36:34.596 [info] > git cat-file -s 5781947bfb57b30dd7c00f094d6bc27370e07333 [9ms]
2025-11-19 21:36:34.709 [info] > git blame --root --incremental ada2039a8d6bbcd1d4b98b28deea3ec55f38cdf5 -- src/lib/fetchPosts.js [1ms]
2025-11-19 21:36:34.913 [info] > git check-ignore -v -z --stdin [6ms]
2025-11-19 21:36:49.122 [info] > git show --textconv :src/lib/fetchPosts.js [10ms]
2025-11-19 21:36:49.124 [info] > git ls-files --stage -- src/lib/fetchPosts.js [3ms]
2025-11-19 21:36:49.137 [info] > git cat-file -s 5781947bfb57b30dd7c00f094d6bc27370e07333 [2ms]
2025-11-19 21:37:05.357 [info] > git config --get commit.template [41ms]
2025-11-19 21:37:05.358 [info] > git for-each-ref --format=%(refname)%00%(upstream:short)%00%(objectname)%00%(upstream:track)%00%(upstream:remotename)%00%(upstream:remoteref) refs/heads/main refs/remotes/main [12ms]
2025-11-19 21:37:05.408 [info] > git status -z -uall [32ms]
2025-11-19 21:37:05.416 [info] > git for-each-ref --sort -committerdate --format %(refname)%00%(objectname)%00%(*objectname) [16ms]
2025-11-19 21:37:16.558 [info] > git check-ignore -v -z --stdin [1ms]
2025-11-19 21:37:39.286 [info] > git show --textconv :src/app/page.jsx [19ms]
2025-11-19 21:37:39.286 [info] > git ls-files --stage -- src/app/page.jsx [10ms]
2025-11-19 21:37:39.301 [info] > git cat-file -s 089853eaf3bdab488c0440d295a3dc96ed764987 [10ms]
2025-11-19 21:37:51.435 [info] > git ls-files --stage -- src/app/page.jsx [1ms]
2025-11-19 21:37:51.441 [info] > git cat-file -s 089853eaf3bdab488c0440d295a3dc96ed764987 [1ms]
2025-11-19 21:37:51.448 [info] > git show --textconv :src/app/page.jsx [2ms]
2025-11-19 21:37:56.241 [info] > git fetch [6002ms]
2025-11-19 21:37:56.296 [info] > git config --get commit.template [9ms]
2025-11-19 21:37:56.304 [info] > git for-each-ref --format=%(refname)%00%(upstream:short)%00%(objectname)%00%(upstream:track)%00%(upstream:remotename)%00%(upstream:remoteref) refs/heads/main refs/remotes/main [1ms]
2025-11-19 21:37:56.345 [info] > git status -z -uall [29ms]
2025-11-19 21:37:56.350 [info] > git for-each-ref --sort -committerdate --format %(refname)%00%(objectname)%00%(*objectname) [16ms]
2025-11-19 21:38:14.747 [info] > git ls-files --stage -- src/app/page.jsx [4ms]
2025-11-19 21:38:14.769 [info] > git cat-file -s 089853eaf3bdab488c0440d295a3dc96ed764987 [6ms]
2025-11-19 21:38:14.793 [info] > git show --textconv :src/app/page.jsx [3ms]
2025-11-19 21:38:33.788 [info] > git config --get commit.template [6ms]
2025-11-19 21:38:33.818 [info] > git for-each-ref --format=%(refname)%00%(upstream:short)%00%(objectname)%00%(upstream:track)%00%(upstream:remotename)%00%(upstream:remoteref) refs/heads/main refs/remotes/main [7ms]
2025-11-19 21:38:33.885 [info] > git status -z -uall [32ms]
2025-11-19 21:38:33.888 [info] > git for-each-ref --sort -committerdate --format %(refname)%00%(objectname)%00%(*objectname) [11ms]
2025-11-19 21:39:20.302 [info] > git config --get commit.template [2ms]
2025-11-19 21:39:20.331 [info] > git for-each-ref --format=%(refname)%00%(upstream:short)%00%(objectname)%00%(upstream:track)%00%(upstream:remotename)%00%(upstream:remoteref) refs/heads/main refs/remotes/main [8ms]
2025-11-19 21:39:20.366 [info] > git status -z -uall [16ms]
2025-11-19 21:39:20.367 [info] > git for-each-ref --sort -committerdate --format %(refname)%00%(objectname)%00%(*objectname) [2ms]
2025-11-19 21:40:52.640 [info] > git config --get commit.template [20ms]
2025-11-19 21:40:52.643 [info] > git for-each-ref --format=%(refname)%00%(upstream:short)%00%(objectname)%00%(upstream:track)%00%(upstream:remotename)%00%(upstream:remoteref) refs/heads/main refs/remotes/main [3ms]
2025-11-19 21:40:52.743 [info] > git status -z -uall [51ms]
2025-11-19 21:40:52.763 [info] > git for-each-ref --sort -committerdate --format %(refname)%00%(objectname)%00%(*objectname) [43ms]
2025-11-19 21:40:56.742 [info] > git show --textconv :src/lib/fetchPosts.js [17ms]
2025-11-19 21:40:56.744 [info] > git ls-files --stage -- src/lib/fetchPosts.js [11ms]
2025-11-19 21:40:56.762 [info] > git cat-file -s 5781947bfb57b30dd7c00f094d6bc27370e07333 [3ms]
2025-11-19 21:40:57.579 [info] > git ls-files --stage -- src/lib/fetchPosts.js [1ms]
2025-11-19 21:40:57.588 [info] > git cat-file -s 5781947bfb57b30dd7c00f094d6bc27370e07333 [2ms]
2025-11-19 21:40:57.595 [info] > git show --textconv :src/lib/fetchPosts.js [2ms]
2025-11-19 21:41:00.194 [info] > git fetch [3818ms]
2025-11-19 21:41:00.204 [info] > git config --get commit.template [5ms]
2025-11-19 21:41:00.206 [info] > git for-each-ref --format=%(refname)%00%(upstream:short)%00%(objectname)%00%(upstream:track)%00%(upstream:remotename)%00%(upstream:remoteref) refs/heads/main refs/remotes/main [1ms]
2025-11-19 21:41:00.223 [info] > git status -z -uall [11ms]
2025-11-19 21:41:00.224 [info] > git for-each-ref --sort -committerdate --format %(refname)%00%(objectname)%00%(*objectname) [4ms]
2025-11-19 21:41:00.994 [info] > git ls-files --stage -- src/lib/fetchPosts.js [2ms]
2025-11-19 21:41:01.002 [info] > git cat-file -s 5781947bfb57b30dd7c00f094d6bc27370e07333 [3ms]
2025-11-19 21:41:01.223 [info] > git show --textconv :src/lib/fetchPosts.js [26ms]
2025-11-19 21:41:23.030 [info] > git config --get commit.template [14ms]
2025-11-19 21:41:23.086 [info] > git for-each-ref --format=%(refname)%00%(upstream:short)%00%(objectname)%00%(upstream:track)%00%(upstream:remotename)%00%(upstream:remoteref) refs/heads/main refs/remotes/main [21ms]
2025-11-19 21:41:23.147 [info] > git status -z -uall [31ms]
2025-11-19 21:41:23.153 [info] > git for-each-ref --sort -committerdate --format %(refname)%00%(objectname)%00%(*objectname) [7ms]
2025-11-19 21:41:28.194 [info] > git config --get commit.template [6ms]
2025-11-19 21:41:28.195 [info] > git for-each-ref --format=%(refname)%00%(upstream:short)%00%(objectname)%00%(upstream:track)%00%(upstream:remotename)%00%(upstream:remoteref) refs/heads/main refs/remotes/main [2ms]
2025-11-19 21:41:28.205 [info] > git status -z -uall [6ms]
2025-11-19 21:41:28.206 [info] > git for-each-ref --sort -committerdate --format %(refname)%00%(objectname)%00%(*objectname) [2ms]
2025-11-19 21:41:29.522 [info] > git show --textconv :next.config.mjs [7ms]
2025-11-19 21:41:29.524 [info] > git ls-files --stage -- next.config.mjs [2ms]
2025-11-19 21:41:29.531 [info] > git cat-file -s 4678774e6d606704bce1897a5dab960cd798bf66 [2ms]
2025-11-19 21:41:36.290 [info] > git blame --root --incremental ada2039a8d6bbcd1d4b98b28deea3ec55f38cdf5 -- next.config.mjs [4ms]
2025-11-19 21:43:17.981 [info] > git config --get commit.template [1ms]
2025-11-19 21:43:18.015 [info] > git for-each-ref --format=%(refname)%00%(upstream:short)%00%(objectname)%00%(upstream:track)%00%(upstream:remotename)%00%(upstream:remoteref) refs/heads/main refs/remotes/main [6ms]
2025-11-19 21:43:18.064 [info] > git status -z -uall [21ms]
2025-11-19 21:43:18.073 [info] > git for-each-ref --sort -committerdate --format %(refname)%00%(objectname)%00%(*objectname) [12ms]
2025-11-19 21:43:21.058 [info] > git show --textconv :src/lib/fetchPosts.js [7ms]
2025-11-19 21:43:21.059 [info] > git ls-files --stage -- src/lib/fetchPosts.js [2ms]
2025-11-19 21:43:21.076 [info] > git cat-file -s 5781947bfb57b30dd7c00f094d6bc27370e07333 [4ms]
2025-11-19 21:43:23.110 [info] > git config --get commit.template [6ms]
2025-11-19 21:43:23.111 [info] > git for-each-ref --format=%(refname)%00%(upstream:short)%00%(objectname)%00%(upstream:track)%00%(upstream:remotename)%00%(upstream:remoteref) refs/heads/main refs/remotes/main [1ms]
2025-11-19 21:43:23.122 [info] > git status -z -uall [5ms]
2025-11-19 21:43:23.123 [info] > git for-each-ref --sort -committerdate --format %(refname)%00%(objectname)%00%(*objectname) [3ms]
2025-11-19 21:43:25.079 [info] > git show --textconv :next.config.mjs [16ms]
2025-11-19 21:43:25.079 [info] > git ls-files --stage -- next.config.mjs [4ms]
2025-11-19 21:43:25.092 [info] > git cat-file -s 4678774e6d606704bce1897a5dab960cd798bf66 [4ms]
2025-11-19 21:43:26.925 [info] > git show --textconv :src/lib/fetchPosts.js [9ms]
2025-11-19 21:43:26.927 [info] > git ls-files --stage -- src/lib/fetchPosts.js [3ms]
2025-11-19 21:43:26.941 [info] > git cat-file -s 5781947bfb57b30dd7c00f094d6bc27370e07333 [3ms]
2025-11-19 21:43:34.812 [info] > git show --textconv :next.config.mjs [30ms]
2025-11-19 21:43:34.820 [info] > git ls-files --stage -- next.config.mjs [9ms]
2025-11-19 21:43:34.828 [info] > git cat-file -s 4678774e6d606704bce1897a5dab960cd798bf66 [1ms]
2025-11-19 21:45:35.662 [info] > git ls-files --stage -- next.config.mjs [2ms]
2025-11-19 21:45:35.669 [info] > git cat-file -s 4678774e6d606704bce1897a5dab960cd798bf66 [1ms]
2025-11-19 21:45:35.676 [info] > git show --textconv :next.config.mjs [1ms]
2025-11-19 21:45:38.666 [info] > git fetch [4206ms]
2025-11-19 21:45:38.680 [info] > git config --get commit.template [8ms]
2025-11-19 21:45:38.681 [info] > git for-each-ref --format=%(refname)%00%(upstream:short)%00%(objectname)%00%(upstream:track)%00%(upstream:remotename)%00%(upstream:remoteref) refs/heads/main refs/remotes/main [2ms]
2025-11-19 21:45:38.695 [info] > git status -z -uall [8ms]
2025-11-19 21:45:38.697 [info] > git for-each-ref --sort -committerdate --format %(refname)%00%(objectname)%00%(*objectname) [3ms]
2025-11-19 21:45:39.443 [info] > git ls-files --stage -- next.config.mjs [1ms]
2025-11-19 21:45:39.450 [info] > git cat-file -s 4678774e6d606704bce1897a5dab960cd798bf66 [2ms]
2025-11-19 21:45:39.460 [info] > git show --textconv :next.config.mjs [2ms]
2025-11-19 21:45:40.780 [info] > git config --get commit.template [15ms]
2025-11-19 21:45:40.784 [info] > git for-each-ref --format=%(refname)%00%(upstream:short)%00%(objectname)%00%(upstream:track)%00%(upstream:remotename)%00%(upstream:remoteref) refs/heads/main refs/remotes/main [4ms]
2025-11-19 21:45:40.805 [info] > git status -z -uall [13ms]
2025-11-19 21:45:40.810 [info] > git for-each-ref --sort -committerdate --format %(refname)%00%(objectname)%00%(*objectname) [6ms]
2025-11-19 21:45:45.840 [info] > git for-each-ref --format=%(refname)%00%(upstream:short)%00%(objectname)%00%(upstream:track)%00%(upstream:remotename)%00%(upstream:remoteref) refs/heads/main refs/remotes/main [5ms]
2025-11-19 21:45:45.840 [info] > git config --get commit.template [12ms]
2025-11-19 21:45:45.855 [info] > git status -z -uall [8ms]
2025-11-19 21:45:45.856 [info] > git for-each-ref --sort -committerdate --format %(refname)%00%(objectname)%00%(*objectname) [2ms]
2025-11-19 21:45:50.874 [info] > git config --get commit.template [2ms]
2025-11-19 21:45:50.882 [info] > git for-each-ref --format=%(refname)%00%(upstream:short)%00%(objectname)%00%(upstream:track)%00%(upstream:remotename)%00%(upstream:remoteref) refs/heads/main refs/remotes/main [3ms]
2025-11-19 21:45:50.896 [info] > git status -z -uall [8ms]
2025-11-19 21:45:50.899 [info] > git for-each-ref --sort -committerdate --format %(refname)%00%(objectname)%00%(*objectname) [5ms]
2025-11-19 21:45:51.722 [info] > git show --textconv :src/lib/fetchPosts.js [39ms]
2025-11-19 21:45:51.722 [info] > git ls-files --stage -- src/lib/fetchPosts.js [13ms]
2025-11-19 21:45:51.739 [info] > git cat-file -s 5781947bfb57b30dd7c00f094d6bc27370e07333 [4ms]
2025-11-19 21:45:55.934 [info] > git config --get commit.template [9ms]
2025-11-19 21:45:55.938 [info] > git for-each-ref --format=%(refname)%00%(upstream:short)%00%(objectname)%00%(upstream:track)%00%(upstream:remotename)%00%(upstream:remoteref) refs/heads/main refs/remotes/main [4ms]
2025-11-19 21:45:55.959 [info] > git status -z -uall [13ms]
2025-11-19 21:45:55.962 [info] > git for-each-ref --sort -committerdate --format %(refname)%00%(objectname)%00%(*objectname) [5ms]
2025-11-19 21:45:56.790 [info] > git show --textconv :next.config.mjs [13ms]
2025-11-19 21:45:56.792 [info] > git ls-files --stage -- next.config.mjs [3ms]
2025-11-19 21:45:56.803 [info] > git cat-file -s 4678774e6d606704bce1897a5dab960cd798bf66 [3ms]
2025-11-19 21:46:00.987 [info] > git config --get commit.template [6ms]
2025-11-19 21:46:00.988 [info] > git for-each-ref --format=%(refname)%00%(upstream:short)%00%(objectname)%00%(upstream:track)%00%(upstream:remotename)%00%(upstream:remoteref) refs/heads/main refs/remotes/main [2ms]
2025-11-19 21:46:00.999 [info] > git status -z -uall [7ms]
2025-11-19 21:46:01.001 [info] > git for-each-ref --sort -committerdate --format %(refname)%00%(objectname)%00%(*objectname) [3ms]
2025-11-19 21:46:40.813 [info] > git config --get commit.template [38ms]
2025-11-19 21:46:40.814 [info] > git for-each-ref --format=%(refname)%00%(upstream:short)%00%(objectname)%00%(upstream:track)%00%(upstream:remotename)%00%(upstream:remoteref) refs/heads/main refs/remotes/main [17ms]
2025-11-19 21:46:40.883 [info] > git status -z -uall [42ms]
2025-11-19 21:46:40.884 [info] > git for-each-ref --sort -committerdate --format %(refname)%00%(objectname)%00%(*objectname) [6ms]
2025-11-19 21:46:43.372 [info] > git show --textconv :src/lib/fetchPosts.js [19ms]
2025-11-19 21:46:43.376 [info] > git ls-files --stage -- src/lib/fetchPosts.js [5ms]
2025-11-19 21:46:43.396 [info] > git cat-file -s 5781947bfb57b30dd7c00f094d6bc27370e07333 [4ms]
2025-11-19 21:46:44.387 [info] > git show --textconv :src/app/page.jsx [11ms]
2025-11-19 21:46:44.394 [info] > git ls-files --stage -- src/app/page.jsx [12ms]
2025-11-19 21:46:44.408 [info] > git cat-file -s 089853eaf3bdab488c0440d295a3dc96ed764987 [5ms]
2025-11-19 21:46:45.912 [info] > git config --get commit.template [5ms]
2025-11-19 21:46:45.913 [info] > git for-each-ref --format=%(refname)%00%(upstream:short)%00%(objectname)%00%(upstream:track)%00%(upstream:remotename)%00%(upstream:remoteref) refs/heads/main refs/remotes/main [1ms]
2025-11-19 21:46:45.925 [info] > git status -z -uall [7ms]
2025-11-19 21:46:45.926 [info] > git for-each-ref --sort -committerdate --format %(refname)%00%(objectname)%00%(*objectname) [3ms]
2025-11-19 21:46:59.805 [info] > git config --get commit.template [6ms]
2025-11-19 21:46:59.821 [info] > git for-each-ref --format=%(refname)%00%(upstream:short)%00%(objectname)%00%(upstream:track)%00%(upstream:remotename)%00%(upstream:remoteref) refs/heads/main refs/remotes/main [3ms]
2025-11-19 21:46:59.859 [info] > git status -z -uall [21ms]
2025-11-19 21:46:59.859 [info] > git for-each-ref --sort -committerdate --format %(refname)%00%(objectname)%00%(*objectname) [9ms]
2025-11-19 21:47:15.651 [info] > git config --get commit.template [20ms]
2025-11-19 21:47:15.662 [info] > git for-each-ref --format=%(refname)%00%(upstream:short)%00%(objectname)%00%(upstream:track)%00%(upstream:remotename)%00%(upstream:remoteref) refs/heads/main refs/remotes/main [13ms]
2025-11-19 21:47:15.732 [info] > git status -z -uall [46ms]
2025-11-19 21:47:15.741 [info] > git for-each-ref --sort -committerdate --format %(refname)%00%(objectname)%00%(*objectname) [14ms]
2025-11-19 21:47:39.305 [info] > git config --get commit.template [33ms]
2025-11-19 21:47:39.331 [info] > git for-each-ref --format=%(refname)%00%(upstream:short)%00%(objectname)%00%(upstream:track)%00%(upstream:remotename)%00%(upstream:remoteref) refs/heads/main refs/remotes/main [27ms]
2025-11-19 21:47:39.487 [info] > git status -z -uall [42ms]
2025-11-19 21:47:39.510 [info] > git for-each-ref --sort -committerdate --format %(refname)%00%(objectname)%00%(*objectname) [23ms]
2025-11-19 21:47:44.550 [info] > git config --get commit.template [2ms]
2025-11-19 21:47:44.556 [info] > git for-each-ref --format=%(refname)%00%(upstream:short)%00%(objectname)%00%(upstream:track)%00%(upstream:remotename)%00%(upstream:remoteref) refs/heads/main refs/remotes/main [2ms]
2025-11-19 21:47:44.567 [info] > git status -z -uall [6ms]
2025-11-19 21:47:44.568 [info] > git for-each-ref --sort -committerdate --format %(refname)%00%(objectname)%00%(*objectname) [2ms]
2025-11-19 21:47:53.580 [info] > git config --get commit.template [7ms]
2025-11-19 21:47:53.581 [info] > git for-each-ref --format=%(refname)%00%(upstream:short)%00%(objectname)%00%(upstream:track)%00%(upstream:remotename)%00%(upstream:remoteref) refs/heads/main refs/remotes/main [2ms]
2025-11-19 21:47:53.592 [info] > git status -z -uall [7ms]
2025-11-19 21:47:53.593 [info] > git for-each-ref --sort -committerdate --format %(refname)%00%(objectname)%00%(*objectname) [2ms]
2025-11-19 21:48:10.637 [info] > git check-ignore -v -z --stdin [15ms]
2025-11-19 21:48:10.976 [info] > git show --textconv :src/app/components/Hero.jsx [27ms]
2025-11-19 21:48:10.985 [warning] [GitFileSystemProvider][readFile] File not found - git:/home/rick/Desktop/blogs.com/src/app/components/Hero.jsx.git?%7B%22path%22%3A%22%2Fhome%2Frick%2FDesktop%2Fblogs.com%2Fsrc%2Fapp%2Fcomponents%2FHero.jsx%22%2C%22ref%22%3A%22%22%7D
2025-11-19 21:48:10.991 [info] > git ls-files --stage -- src/app/components/Hero.jsx [18ms]
2025-11-19 21:48:10.994 [warning] [GitFileSystemProvider][stat] File not found - git:/home/rick/Desktop/blogs.com/src/app/components/Hero.jsx.git?%7B%22path%22%3A%22%2Fhome%2Frick%2FDesktop%2Fblogs.com%2Fsrc%2Fapp%2Fcomponents%2FHero.jsx%22%2C%22ref%22%3A%22%22%7D
2025-11-19 21:48:11.063 [info] > git blame --root --incremental ada2039a8d6bbcd1d4b98b28deea3ec55f38cdf5 -- src/app/components/Hero.jsx [7ms]
2025-11-19 21:48:11.063 [info] fatal: no such path src/app/components/Hero.jsx in ada2039a8d6bbcd1d4b98b28deea3ec55f38cdf5
2025-11-19 21:48:12.961 [info] > git config --get commit.template [2ms]
2025-11-19 21:48:12.967 [info] > git for-each-ref --format=%(refname)%00%(upstream:short)%00%(objectname)%00%(upstream:track)%00%(upstream:remotename)%00%(upstream:remoteref) refs/heads/main refs/remotes/main [2ms]
2025-11-19 21:48:12.980 [info] > git status -z -uall [8ms]
2025-11-19 21:48:12.981 [info] > git for-each-ref --sort -committerdate --format %(refname)%00%(objectname)%00%(*objectname) [2ms]
2025-11-19 21:48:43.304 [info] > git fetch [4584ms]
2025-11-19 21:48:43.316 [info] > git config --get commit.template [7ms]
2025-11-19 21:48:43.317 [info] > git for-each-ref --format=%(refname)%00%(upstream:short)%00%(objectname)%00%(upstream:track)%00%(upstream:remotename)%00%(upstream:remoteref) refs/heads/main refs/remotes/main [2ms]
2025-11-19 21:48:43.330 [info] > git status -z -uall [9ms]
2025-11-19 21:48:43.331 [info] > git for-each-ref --sort -committerdate --format %(refname)%00%(objectname)%00%(*objectname) [2ms]
2025-11-19 21:48:50.349 [info] > git check-ignore -v -z --stdin [2ms]
2025-11-19 21:49:19.534 [info] > git check-ignore -v -z --stdin [76ms]
2025-11-19 21:49:19.536 [info] > git show --textconv :src/components/Hero.jsx [57ms]
2025-11-19 21:49:19.539 [warning] [GitFileSystemProvider][readFile] File not found - git:/home/rick/Desktop/blogs.com/src/components/Hero.jsx.git?%7B%22path%22%3A%22%2Fhome%2Frick%2FDesktop%2Fblogs.com%2Fsrc%2Fcomponents%2FHero.jsx%22%2C%22ref%22%3A%22%22%7D
2025-11-19 21:49:19.542 [info] > git ls-files --stage -- src/components/Hero.jsx [18ms]
2025-11-19 21:49:19.543 [warning] [GitFileSystemProvider][stat] File not found - git:/home/rick/Desktop/blogs.com/src/components/Hero.jsx.git?%7B%22path%22%3A%22%2Fhome%2Frick%2FDesktop%2Fblogs.com%2Fsrc%2Fcomponents%2FHero.jsx%22%2C%22ref%22%3A%22%22%7D
2025-11-19 21:49:19.634 [info] > git blame --root --incremental ada2039a8d6bbcd1d4b98b28deea3ec55f38cdf5 -- src/components/Hero.jsx [9ms]
2025-11-19 21:49:19.634 [info] fatal: no such path src/components/Hero.jsx in ada2039a8d6bbcd1d4b98b28deea3ec55f38cdf5
2025-11-19 21:49:23.963 [info] > git config --get commit.template [6ms]
2025-11-19 21:49:23.964 [info] > git for-each-ref --format=%(refname)%00%(upstream:short)%00%(objectname)%00%(upstream:track)%00%(upstream:remotename)%00%(upstream:remoteref) refs/heads/main refs/remotes/main [2ms]
2025-11-19 21:49:23.979 [info] > git status -z -uall [7ms]
2025-11-19 21:49:23.980 [info] > git for-each-ref --sort -committerdate --format %(refname)%00%(objectname)%00%(*objectname) [2ms]
2025-11-19 21:49:56.899 [info] > git show --textconv :src/app/page.jsx [14ms]
2025-11-19 21:49:56.901 [info] > git ls-files --stage -- src/app/page.jsx [2ms]
2025-11-19 21:49:56.912 [info] > git cat-file -s 089853eaf3bdab488c0440d295a3dc96ed764987 [6ms]
2025-11-19 21:50:18.443 [info] > git for-each-ref --format=%(refname)%00%(upstream:short)%00%(objectname)%00%(upstream:track)%00%(upstream:remotename)%00%(upstream:remoteref) refs/heads/main refs/remotes/main [37ms]
2025-11-19 21:50:18.444 [info] > git config --get commit.template [70ms]
2025-11-19 21:50:18.492 [info] > git status -z -uall [35ms]
2025-11-19 21:50:18.502 [info] > git for-each-ref --sort -committerdate --format %(refname)%00%(objectname)%00%(*objectname) [12ms]
2025-11-19 21:51:00.432 [info] > git show --textconv :src/app/page.jsx [55ms]
2025-11-19 21:51:00.432 [info] > git ls-files --stage -- src/app/page.jsx [18ms]
2025-11-19 21:51:00.451 [info] > git cat-file -s 089853eaf3bdab488c0440d295a3dc96ed764987 [5ms]
2025-11-19 21:51:11.078 [info] > git config --get commit.template [8ms]
2025-11-19 21:51:11.080 [info] > git for-each-ref --format=%(refname)%00%(upstream:short)%00%(objectname)%00%(upstream:track)%00%(upstream:remotename)%00%(upstream:remoteref) refs/heads/main refs/remotes/main [3ms]
2025-11-19 21:51:11.097 [info] > git status -z -uall [12ms]
2025-11-19 21:51:11.099 [info] > git for-each-ref --sort -committerdate --format %(refname)%00%(objectname)%00%(*objectname) [5ms]
2025-11-19 21:51:23.891 [info] > git config --get commit.template [19ms]
2025-11-19 21:51:23.905 [info] > git for-each-ref --format=%(refname)%00%(upstream:short)%00%(objectname)%00%(upstream:track)%00%(upstream:remotename)%00%(upstream:remoteref) refs/heads/main refs/remotes/main [17ms]
2025-11-19 21:51:24.005 [info] > git status -z -uall [63ms]
2025-11-19 21:51:24.015 [info] > git for-each-ref --sort -committerdate --format %(refname)%00%(objectname)%00%(*objectname) [22ms]
2025-11-19 21:51:50.175 [info] > git fetch [6831ms]
2025-11-19 21:51:50.197 [info] > git for-each-ref --format=%(refname)%00%(upstream:short)%00%(objectname)%00%(upstream:track)%00%(upstream:remotename)%00%(upstream:remoteref) refs/heads/main refs/remotes/main [9ms]
2025-11-19 21:51:50.197 [info] > git config --get commit.template [16ms]
2025-11-19 21:51:50.216 [info] > git status -z -uall [11ms]
2025-11-19 21:51:50.217 [info] > git for-each-ref --sort -committerdate --format %(refname)%00%(objectname)%00%(*objectname) [2ms]
2025-11-19 21:52:27.935 [info] > git config --get commit.template [42ms]
2025-11-19 21:52:27.940 [info] > git for-each-ref --format=%(refname)%00%(upstream:short)%00%(objectname)%00%(upstream:track)%00%(upstream:remotename)%00%(upstream:remoteref) refs/heads/main refs/remotes/main [16ms]
2025-11-19 21:52:28.018 [info] > git status -z -uall [46ms]
2025-11-19 21:52:28.018 [info] > git for-each-ref --sort -committerdate --format %(refname)%00%(objectname)%00%(*objectname) [17ms]
2025-11-19 21:53:09.831 [info] > git for-each-ref --format=%(refname)%00%(upstream:short)%00%(objectname)%00%(upstream:track)%00%(upstream:remotename)%00%(upstream:remoteref) refs/heads/main refs/remotes/main [8ms]
2025-11-19 21:53:09.832 [info] > git config --get commit.template [21ms]
2025-11-19 21:53:09.874 [info] > git status -z -uall [21ms]
2025-11-19 21:53:09.877 [info] > git for-each-ref --sort -committerdate --format %(refname)%00%(objectname)%00%(*objectname) [4ms]
2025-11-19 21:53:20.255 [info] > git show --textconv :src/app/page.jsx [36ms]
2025-11-19 21:53:20.259 [info] > git ls-files --stage -- src/app/page.jsx [10ms]
2025-11-19 21:53:20.287 [info] > git cat-file -s 089853eaf3bdab488c0440d295a3dc96ed764987 [8ms]
2025-11-19 21:53:46.387 [info] > git config --get commit.template [10ms]
2025-11-19 21:53:46.388 [info] > git for-each-ref --format=%(refname)%00%(upstream:short)%00%(objectname)%00%(upstream:track)%00%(upstream:remotename)%00%(upstream:remoteref) refs/heads/main refs/remotes/main [2ms]
2025-11-19 21:53:46.404 [info] > git status -z -uall [9ms]
2025-11-19 21:53:46.406 [info] > git for-each-ref --sort -committerdate --format %(refname)%00%(objectname)%00%(*objectname) [3ms]
2025-11-19 21:53:53.345 [info] > git config --get commit.template [7ms]
2025-11-19 21:53:53.346 [info] > git for-each-ref --format=%(refname)%00%(upstream:short)%00%(objectname)%00%(upstream:track)%00%(upstream:remotename)%00%(upstream:remoteref) refs/heads/main refs/remotes/main [2ms]
2025-11-19 21:53:53.366 [info] > git status -z -uall [11ms]
2025-11-19 21:53:53.367 [info] > git for-each-ref --sort -committerdate --format %(refname)%00%(objectname)%00%(*objectname) [4ms]
2025-11-19 21:54:18.798 [info] > git config --get commit.template [13ms]
2025-11-19 21:54:18.831 [info] > git for-each-ref --format=%(refname)%00%(upstream:short)%00%(objectname)%00%(upstream:track)%00%(upstream:remotename)%00%(upstream:remoteref) refs/heads/main refs/remotes/main [10ms]
2025-11-19 21:54:18.885 [info] > git status -z -uall [26ms]
2025-11-19 21:54:18.885 [info] > git for-each-ref --sort -committerdate --format %(refname)%00%(objectname)%00%(*objectname) [3ms]
2025-11-19 21:54:51.427 [info] > git ls-files --stage -- src/app/page.jsx [1ms]
2025-11-19 21:54:51.433 [info] > git cat-file -s 089853eaf3bdab488c0440d295a3dc96ed764987 [1ms]
2025-11-19 21:54:51.444 [info] > git show --textconv :src/app/page.jsx [2ms]
2025-11-19 21:54:54.883 [info] > git fetch [4653ms]
2025-11-19 21:54:54.894 [info] > git config --get commit.template [6ms]
2025-11-19 21:54:54.895 [info] > git for-each-ref --format=%(refname)%00%(upstream:short)%00%(objectname)%00%(upstream:track)%00%(upstream:remotename)%00%(upstream:remoteref) refs/heads/main refs/remotes/main [2ms]
2025-11-19 21:54:54.906 [info] > git status -z -uall [6ms]
2025-11-19 21:54:54.908 [info] > git for-each-ref --sort -committerdate --format %(refname)%00%(objectname)%00%(*objectname) [2ms]
2025-11-19 21:54:55.685 [info] > git ls-files --stage -- src/app/page.jsx [2ms]
2025-11-19 21:54:55.691 [info] > git cat-file -s 089853eaf3bdab488c0440d295a3dc96ed764987 [1ms]
2025-11-19 21:54:55.699 [info] > git show --textconv :src/app/page.jsx [2ms]
2025-11-19 21:55:03.843 [info] > git config --get commit.template [6ms]
2025-11-19 21:55:03.844 [info] > git for-each-ref --format=%(refname)%00%(upstream:short)%00%(objectname)%00%(upstream:track)%00%(upstream:remotename)%00%(upstream:remoteref) refs/heads/main refs/remotes/main [2ms]
2025-11-19 21:55:03.855 [info] > git status -z -uall [6ms]
2025-11-19 21:55:03.856 [info] > git for-each-ref --sort -committerdate --format %(refname)%00%(objectname)%00%(*objectname) [2ms]
2025-11-19 21:55:30.660 [info] > git config --get commit.template [28ms]
2025-11-19 21:55:30.678 [info] > git for-each-ref --format=%(refname)%00%(upstream:short)%00%(objectname)%00%(upstream:track)%00%(upstream:remotename)%00%(upstream:remoteref) refs/heads/main refs/remotes/main [19ms]
2025-11-19 21:55:30.733 [info] > git status -z -uall [21ms]
2025-11-19 21:55:30.746 [info] > git for-each-ref --sort -committerdate --format %(refname)%00%(objectname)%00%(*objectname) [14ms]
2025-11-19 21:55:35.769 [info] > git config --get commit.template [7ms]
2025-11-19 21:55:35.770 [info] > git for-each-ref --format=%(refname)%00%(upstream:short)%00%(objectname)%00%(upstream:track)%00%(upstream:remotename)%00%(upstream:remoteref) refs/heads/main refs/remotes/main [1ms]
2025-11-19 21:55:35.782 [info] > git status -z -uall [7ms]
2025-11-19 21:55:35.783 [info] > git for-each-ref --sort -committerdate --format %(refname)%00%(objectname)%00%(*objectname) [2ms]
2025-11-19 21:55:49.589 [info] > git config --get commit.template [12ms]
2025-11-19 21:55:49.614 [info] > git for-each-ref --format=%(refname)%00%(upstream:short)%00%(objectname)%00%(upstream:track)%00%(upstream:remotename)%00%(upstream:remoteref) refs/heads/main refs/remotes/main [5ms]
2025-11-19 21:55:49.657 [info] > git status -z -uall [26ms]
2025-11-19 21:55:49.660 [info] > git for-each-ref --sort -committerdate --format %(refname)%00%(objectname)%00%(*objectname) [4ms]
2025-11-19 21:57:26.949 [info] > git config --get commit.template [21ms]
2025-11-19 21:57:26.953 [info] > git for-each-ref --format=%(refname)%00%(upstream:short)%00%(objectname)%00%(upstream:track)%00%(upstream:remotename)%00%(upstream:remoteref) refs/heads/main refs/remotes/main [8ms]
2025-11-19 21:57:27.018 [info] > git status -z -uall [48ms]
2025-11-19 21:57:27.018 [info] > git for-each-ref --sort -committerdate --format %(refname)%00%(objectname)%00%(*objectname) [11ms]
2025-11-19 21:57:27.095 [info] > git merge-base refs/heads/main refs/remotes/origin/main [22ms]
2025-11-19 21:57:27.120 [info] > git blame --root --incremental ad7b58b7d91b605a4173586cad0d574a8423809b -- src/app/page.jsx [67ms]
2025-11-19 21:57:27.128 [info] > git diff --name-status -z --diff-filter=ADMR ada2039a8d6bbcd1d4b98b28deea3ec55f38cdf5...refs/remotes/origin/main [6ms]
2025-11-19 21:57:27.132 [info] > git ls-files --stage -- src/app/page.jsx [41ms]
2025-11-19 21:57:27.140 [info] > git cat-file -s 6befe5faaed4d258b047ed42b307060d41acfcc1 [2ms]
2025-11-19 21:57:27.191 [info] > git show --textconv :src/app/page.jsx [5ms]
2025-11-19 21:57:31.123 [info] > git ls-files --stage -- src/app/page.jsx [2ms]
2025-11-19 21:57:31.130 [info] > git cat-file -s 6befe5faaed4d258b047ed42b307060d41acfcc1 [2ms]
2025-11-19 21:57:31.137 [info] > git show --textconv :src/app/page.jsx [1ms]
2025-11-19 21:57:32.082 [info] > git config --get commit.template [1ms]
2025-11-19 21:57:32.088 [info] > git for-each-ref --format=%(refname)%00%(upstream:short)%00%(objectname)%00%(upstream:track)%00%(upstream:remotename)%00%(upstream:remoteref) refs/heads/main refs/remotes/main [1ms]
2025-11-19 21:57:32.100 [info] > git status -z -uall [7ms]
2025-11-19 21:57:32.101 [info] > git for-each-ref --sort -committerdate --format %(refname)%00%(objectname)%00%(*objectname) [1ms]
2025-11-19 21:57:32.117 [info] > git merge-base refs/heads/main refs/remotes/origin/main [2ms]
2025-11-19 21:57:32.123 [info] > git diff --name-status -z --diff-filter=ADMR ad7b58b7d91b605a4173586cad0d574a8423809b...refs/remotes/origin/main [2ms]
2025-11-19 21:57:46.650 [info] > git show --textconv :src/app/layout.js [15ms]
2025-11-19 21:57:46.651 [info] > git ls-files --stage -- src/app/layout.js [2ms]
2025-11-19 21:57:46.664 [info] > git cat-file -s 81dbda6baa0f0bbaea59116c259e70ab82205b5a [3ms]
2025-11-19 21:57:46.744 [info] > git blame --root --incremental ad7b58b7d91b605a4173586cad0d574a8423809b -- src/app/layout.js [10ms]
2025-11-19 21:57:56.129 [info] > git ls-files --stage -- src/app/layout.js [2ms]
2025-11-19 21:57:56.162 [info] > git cat-file -s 81dbda6baa0f0bbaea59116c259e70ab82205b5a [7ms]
2025-11-19 21:57:56.201 [info] > git show --textconv :src/app/layout.js [9ms]
2025-11-19 21:57:58.911 [info] > git fetch [3989ms]
2025-11-19 21:57:58.922 [info] > git config --get commit.template [5ms]
2025-11-19 21:57:58.923 [info] > git for-each-ref --format=%(refname)%00%(upstream:short)%00%(objectname)%00%(upstream:track)%00%(upstream:remotename)%00%(upstream:remoteref) refs/heads/main refs/remotes/main [2ms]
2025-11-19 21:57:58.933 [info] > git status -z -uall [6ms]
2025-11-19 21:57:58.934 [info] > git for-each-ref --sort -committerdate --format %(refname)%00%(objectname)%00%(*objectname) [2ms]
2025-11-19 21:57:58.945 [info] > git config --get commit.template [2ms]
2025-11-19 21:57:58.951 [info] > git for-each-ref --format=%(refname)%00%(upstream:short)%00%(objectname)%00%(upstream:track)%00%(upstream:remotename)%00%(upstream:remoteref) refs/heads/main refs/remotes/main [2ms]
2025-11-19 21:57:58.962 [info] > git status -z -uall [6ms]
2025-11-19 21:57:58.963 [info] > git for-each-ref --sort -committerdate --format %(refname)%00%(objectname)%00%(*objectname) [2ms]
2025-11-19 21:57:59.697 [info] > git ls-files --stage -- src/app/layout.js [2ms]
2025-11-19 21:57:59.703 [info] > git cat-file -s 81dbda6baa0f0bbaea59116c259e70ab82205b5a [1ms]
2025-11-19 21:57:59.712 [info] > git show --textconv :src/app/layout.js [2ms]
2025-11-19 21:59:45.149 [info] > git config --get commit.template [3ms]
2025-11-19 21:59:45.169 [info] > git ls-files --stage -- src/app/layout.js [11ms]
2025-11-19 21:59:45.179 [info] > git for-each-ref --format=%(refname)%00%(upstream:short)%00%(objectname)%00%(upstream:track)%00%(upstream:remotename)%00%(upstream:remoteref) refs/heads/main refs/remotes/main [11ms]
2025-11-19 21:59:45.193 [info] > git cat-file -s 81dbda6baa0f0bbaea59116c259e70ab82205b5a [15ms]
2025-11-19 21:59:45.222 [info] > git status -z -uall [15ms]
2025-11-19 21:59:45.224 [info] > git for-each-ref --sort -committerdate --format %(refname)%00%(objectname)%00%(*objectname) [2ms]
2025-11-19 21:59:45.245 [info] > git show --textconv :src/app/layout.js [4ms]
2025-11-19 21:59:48.165 [info] > git show --textconv :src/app/page.jsx [22ms]
2025-11-19 21:59:48.175 [info] > git ls-files --stage -- src/app/page.jsx [11ms]
2025-11-19 21:59:48.200 [info] > git cat-file -s 6befe5faaed4d258b047ed42b307060d41acfcc1 [6ms]
2025-11-19 21:59:48.994 [info] > git show --textconv :src/components/Applications.jsx [15ms]
2025-11-19 21:59:48.996 [info] > git ls-files --stage -- src/components/Applications.jsx [2ms]
2025-11-19 21:59:49.010 [info] > git cat-file -s b4463750437e58bca81eb85663fc8642d4639303 [4ms]
2025-11-19 21:59:49.030 [info] > git blame --root --incremental ad7b58b7d91b605a4173586cad0d574a8423809b -- src/components/Applications.jsx [3ms]
2025-11-19 21:59:50.247 [info] > git config --get commit.template [6ms]
2025-11-19 21:59:50.248 [info] > git for-each-ref --format=%(refname)%00%(upstream:short)%00%(objectname)%00%(upstream:track)%00%(upstream:remotename)%00%(upstream:remoteref) refs/heads/main refs/remotes/main [2ms]
2025-11-19 21:59:50.259 [info] > git status -z -uall [6ms]
2025-11-19 21:59:50.260 [info] > git for-each-ref --sort -committerdate --format %(refname)%00%(objectname)%00%(*objectname) [3ms]
2025-11-19 22:00:33.039 [info] > git config --get commit.template [51ms]
2025-11-19 22:00:33.065 [info] > git for-each-ref --format=%(refname)%00%(upstream:short)%00%(objectname)%00%(upstream:track)%00%(upstream:remotename)%00%(upstream:remoteref) refs/heads/main refs/remotes/main [23ms]
2025-11-19 22:00:33.124 [info] > git status -z -uall [27ms]
2025-11-19 22:00:33.143 [info] > git for-each-ref --sort -committerdate --format %(refname)%00%(objectname)%00%(*objectname) [20ms]
2025-11-19 22:00:38.171 [info] > git config --get commit.template [7ms]
2025-11-19 22:00:38.172 [info] > git for-each-ref --format=%(refname)%00%(upstream:short)%00%(objectname)%00%(upstream:track)%00%(upstream:remotename)%00%(upstream:remoteref) refs/heads/main refs/remotes/main [2ms]
2025-11-19 22:00:38.185 [info] > git status -z -uall [7ms]
2025-11-19 22:00:38.187 [info] > git for-each-ref --sort -committerdate --format %(refname)%00%(objectname)%00%(*objectname) [3ms]
2025-11-19 22:00:43.212 [info] > git config --get commit.template [9ms]
2025-11-19 22:00:43.217 [info] > git for-each-ref --format=%(refname)%00%(upstream:short)%00%(objectname)%00%(upstream:track)%00%(upstream:remotename)%00%(upstream:remoteref) refs/heads/main refs/remotes/main [5ms]
2025-11-19 22:00:43.242 [info] > git status -z -uall [16ms]
2025-11-19 22:00:43.243 [info] > git for-each-ref --sort -committerdate --format %(refname)%00%(objectname)%00%(*objectname) [3ms]
2025-11-19 22:01:46.362 [info] > git config --get commit.template [17ms]
2025-11-19 22:01:46.362 [info] > git for-each-ref --format=%(refname)%00%(upstream:short)%00%(objectname)%00%(upstream:track)%00%(upstream:remotename)%00%(upstream:remoteref) refs/heads/main refs/remotes/main [2ms]
2025-11-19 22:01:46.403 [info] > git status -z -uall [28ms]
2025-11-19 22:01:46.404 [info] > git for-each-ref --sort -committerdate --format %(refname)%00%(objectname)%00%(*objectname) [12ms]
2025-11-19 22:01:47.541 [info] > git ls-files --stage -- src/components/Applications.jsx [1ms]
2025-11-19 22:01:47.547 [info] > git cat-file -s b4463750437e58bca81eb85663fc8642d4639303 [2ms]
2025-11-19 22:01:47.558 [info] > git show --textconv :src/components/Applications.jsx [2ms]
2025-11-19 22:01:50.441 [info] > git fetch [4122ms]
2025-11-19 22:01:50.452 [info] > git config --get commit.template [3ms]
2025-11-19 22:01:50.462 [info] > git for-each-ref --format=%(refname)%00%(upstream:short)%00%(objectname)%00%(upstream:track)%00%(upstream:remotename)%00%(upstream:remoteref) refs/heads/main refs/remotes/main [2ms]
2025-11-19 22:01:50.479 [info] > git status -z -uall [8ms]
2025-11-19 22:01:50.481 [info] > git for-each-ref --sort -committerdate --format %(refname)%00%(objectname)%00%(*objectname) [2ms]
2025-11-19 22:01:51.280 [info] > git ls-files --stage -- src/components/Applications.jsx [2ms]
2025-11-19 22:01:51.286 [info] > git cat-file -s b4463750437e58bca81eb85663fc8642d4639303 [2ms]
2025-11-19 22:01:51.296 [info] > git show --textconv :src/components/Applications.jsx [2ms]
2025-11-19 22:01:51.437 [info] > git config --get commit.template [6ms]
2025-11-19 22:01:51.437 [info] > git for-each-ref --format=%(refname)%00%(upstream:short)%00%(objectname)%00%(upstream:track)%00%(upstream:remotename)%00%(upstream:remoteref) refs/heads/main refs/remotes/main [1ms]
2025-11-19 22:01:51.448 [info] > git status -z -uall [6ms]
2025-11-19 22:01:51.450 [info] > git for-each-ref --sort -committerdate --format %(refname)%00%(objectname)%00%(*objectname) [3ms]
2025-11-19 22:01:53.600 [info] > git show --textconv :src/app/page.jsx [20ms]
2025-11-19 22:01:53.609 [info] > git ls-files --stage -- src/app/page.jsx [10ms]
2025-11-19 22:01:53.642 [info] > git cat-file -s 6befe5faaed4d258b047ed42b307060d41acfcc1 [15ms]
