2025-11-20 22:03:30.115 [info] [main] Log level: Info
2025-11-20 22:03:30.115 [info] [main] Validating found git in: "git"
2025-11-20 22:03:30.115 [info] [main] Using git "2.51.2" from "git"
2025-11-20 22:03:30.115 [info] [Model][doInitialScan] Initial repository scan started
2025-11-20 22:03:30.115 [info] > git rev-parse --show-toplevel [5ms]
2025-11-20 22:03:30.115 [info] > git rev-parse --git-dir --git-common-dir --show-superproject-working-tree [18ms]
2025-11-20 22:03:30.115 [info] [Model][openRepository] Opened repository (path): /home/rick/Desktop/blogs.com
2025-11-20 22:03:30.115 [info] [Model][openRepository] Opened repository (real path): /home/rick/Desktop/blogs.com
2025-11-20 22:03:30.115 [info] [Model][openRepository] Opened repository (kind): repository
2025-11-20 22:03:30.115 [info] > git config --get commit.template [11ms]
2025-11-20 22:03:30.115 [info] > git rev-parse --show-toplevel [17ms]
2025-11-20 22:03:30.115 [info] > git rev-parse --show-toplevel [2ms]
2025-11-20 22:03:30.115 [info] > git for-each-ref --format=%(refname)%00%(upstream:short)%00%(objectname)%00%(upstream:track)%00%(upstream:remotename)%00%(upstream:remoteref) refs/heads/main refs/remotes/main [63ms]
2025-11-20 22:03:30.115 [info] > git rev-parse --show-toplevel [45ms]
2025-11-20 22:03:30.115 [info] [Model][doInitialScan] Initial repository scan completed - repositories (1), closed repositories (0), parent repositories (0), unsafe repositories (0)
2025-11-20 22:03:30.144 [info] > git for-each-ref --sort -committerdate --format %(refname)%00%(objectname)%00%(*objectname) [5ms]
2025-11-20 22:03:30.150 [info] > git status -z -uall [20ms]
2025-11-20 22:03:30.190 [info] > git for-each-ref --format=%(refname)%00%(upstream:short)%00%(objectname)%00%(upstream:track)%00%(upstream:remotename)%00%(upstream:remoteref) refs/heads/main refs/remotes/main [12ms]
2025-11-20 22:03:30.197 [info] > git config --get commit.template [8ms]
2025-11-20 22:03:30.198 [info] > git config --get --local branch.main.vscode-merge-base [2ms]
2025-11-20 22:03:30.210 [info] > git for-each-ref --format=%(refname)%00%(upstream:short)%00%(objectname)%00%(upstream:track)%00%(upstream:remotename)%00%(upstream:remoteref) refs/heads/origin/main refs/remotes/origin/main [6ms]
2025-11-20 22:03:30.222 [info] > git for-each-ref --format=%(refname)%00%(upstream:short)%00%(objectname)%00%(upstream:track)%00%(upstream:remotename)%00%(upstream:remoteref) refs/heads/main refs/remotes/main [13ms]
2025-11-20 22:03:30.233 [info] > git status -z -uall [7ms]
2025-11-20 22:03:30.234 [info] > git merge-base refs/heads/main refs/remotes/origin/main [14ms]
2025-11-20 22:03:30.240 [info] > git for-each-ref --sort -committerdate --format %(refname)%00%(objectname)%00%(*objectname) [7ms]
2025-11-20 22:03:30.254 [info] > git merge-base refs/heads/main refs/remotes/origin/main [5ms]
2025-11-20 22:03:30.259 [info] > git diff --name-status -z --diff-filter=ADMR ad7b58b7d91b605a4173586cad0d574a8423809b...refs/remotes/origin/main [20ms]
2025-11-20 22:03:30.263 [info] > git diff --name-status -z --diff-filter=ADMR ad7b58b7d91b605a4173586cad0d574a8423809b...refs/remotes/origin/main [4ms]
2025-11-20 22:03:30.411 [info] > git check-ignore -v -z --stdin [3ms]
2025-11-20 22:03:38.167 [info] > git fetch [3951ms]
2025-11-20 22:03:38.181 [info] > git config --get commit.template [8ms]
2025-11-20 22:03:38.182 [info] > git for-each-ref --format=%(refname)%00%(upstream:short)%00%(objectname)%00%(upstream:track)%00%(upstream:remotename)%00%(upstream:remoteref) refs/heads/main refs/remotes/main [2ms]
2025-11-20 22:03:38.196 [info] > git status -z -uall [8ms]
2025-11-20 22:03:38.198 [info] > git for-each-ref --sort -committerdate --format %(refname)%00%(objectname)%00%(*objectname) [3ms]
2025-11-20 22:03:48.918 [info] > git check-ignore -v -z --stdin [1ms]
2025-11-20 22:03:51.240 [info] > git show --textconv :src/app/blogs/page.jsx [62ms]
2025-11-20 22:03:51.240 [info] > git ls-files --stage -- src/app/blogs/page.jsx [12ms]
2025-11-20 22:03:51.313 [info] > git cat-file -s 0ff0c1e19bd0979b9c28afde87922dbd0bcf8da0 [26ms]
2025-11-20 22:03:51.701 [info] > git blame --root --incremental ad7b58b7d91b605a4173586cad0d574a8423809b -- src/app/blogs/page.jsx [35ms]
2025-11-20 22:03:57.665 [info] > git check-ignore -v -z --stdin [9ms]
2025-11-20 22:03:59.289 [info] > git show --textconv :src/app/blog/[slug]/page.jsx [35ms]
2025-11-20 22:03:59.289 [info] > git ls-files --stage -- src/app/blog/[slug]/page.jsx [15ms]
2025-11-20 22:03:59.304 [info] > git cat-file -s fa94d9a096c61fc3ec03622b0169ff5695a4a7e9 [4ms]
2025-11-20 22:03:59.361 [info] > git blame --root --incremental ad7b58b7d91b605a4173586cad0d574a8423809b -- src/app/blog/[slug]/page.jsx [11ms]
2025-11-20 22:04:33.111 [info] > git config --get commit.template [49ms]
2025-11-20 22:04:33.115 [info] > git for-each-ref --format=%(refname)%00%(upstream:short)%00%(objectname)%00%(upstream:track)%00%(upstream:remotename)%00%(upstream:remoteref) refs/heads/main refs/remotes/main [37ms]
2025-11-20 22:04:33.166 [info] > git status -z -uall [17ms]
2025-11-20 22:04:33.173 [info] > git for-each-ref --sort -committerdate --format %(refname)%00%(objectname)%00%(*objectname) [8ms]
2025-11-20 22:04:38.220 [info] > git config --get commit.template [6ms]
2025-11-20 22:04:38.221 [info] > git for-each-ref --format=%(refname)%00%(upstream:short)%00%(objectname)%00%(upstream:track)%00%(upstream:remotename)%00%(upstream:remoteref) refs/heads/main refs/remotes/main [1ms]
2025-11-20 22:04:38.230 [info] > git status -z -uall [5ms]
2025-11-20 22:04:38.231 [info] > git for-each-ref --sort -committerdate --format %(refname)%00%(objectname)%00%(*objectname) [2ms]
2025-11-20 22:04:43.256 [info] > git config --get commit.template [8ms]
2025-11-20 22:04:43.256 [info] > git for-each-ref --format=%(refname)%00%(upstream:short)%00%(objectname)%00%(upstream:track)%00%(upstream:remotename)%00%(upstream:remoteref) refs/heads/main refs/remotes/main [2ms]
2025-11-20 22:04:43.271 [info] > git status -z -uall [8ms]
2025-11-20 22:04:43.273 [info] > git for-each-ref --sort -committerdate --format %(refname)%00%(objectname)%00%(*objectname) [3ms]
2025-11-20 22:05:40.776 [info] > git check-ignore -v -z --stdin [1ms]
2025-11-20 22:05:46.097 [info] > git check-ignore -v -z --stdin [2ms]
2025-11-20 22:05:47.460 [info] > git show --textconv :src/app/api/blog/[slug]/route.js [16ms]
2025-11-20 22:05:47.464 [info] > git ls-files --stage -- src/app/api/blog/[slug]/route.js [7ms]
2025-11-20 22:05:47.481 [info] > git cat-file -s 8fe1a4ad57903cad06a16be872001b20b000032e [4ms]
2025-11-20 22:05:50.819 [info] > git blame --root --incremental ad7b58b7d91b605a4173586cad0d574a8423809b -- src/app/api/blog/[slug]/route.js [3ms]
2025-11-20 22:06:58.730 [info] > git config --get commit.template [11ms]
2025-11-20 22:06:58.731 [info] > git ls-files --stage -- src/app/api/blog/[slug]/route.js [3ms]
2025-11-20 22:06:58.754 [info] > git cat-file -s 71ecced8b4ce94a30d1fef1d41d8c79c1fba2878 [15ms]
2025-11-20 22:06:58.756 [info] > git for-each-ref --format=%(refname)%00%(upstream:short)%00%(objectname)%00%(upstream:track)%00%(upstream:remotename)%00%(upstream:remoteref) refs/heads/main refs/remotes/main [4ms]
2025-11-20 22:06:58.788 [info] > git status -z -uall [19ms]
2025-11-20 22:06:58.788 [info] > git for-each-ref --sort -committerdate --format %(refname)%00%(objectname)%00%(*objectname) [8ms]
2025-11-20 22:06:58.830 [info] > git merge-base refs/heads/main refs/remotes/origin/main [17ms]
2025-11-20 22:06:58.840 [info] > git blame --root --incremental 2d0cac473fd1e3c85ca6e7f3ea7a5766dcfef577 -- src/app/api/blog/[slug]/route.js [35ms]
2025-11-20 22:06:58.844 [info] > git show --textconv :src/app/api/blog/[slug]/route.js [17ms]
2025-11-20 22:06:58.844 [info] > git diff --name-status -z --diff-filter=ADMR 2d0cac473fd1e3c85ca6e7f3ea7a5766dcfef577...refs/remotes/origin/main [5ms]
2025-11-20 22:07:02.388 [info] > git fetch [3681ms]
2025-11-20 22:07:02.405 [info] > git config --get commit.template [10ms]
2025-11-20 22:07:02.407 [info] > git for-each-ref --format=%(refname)%00%(upstream:short)%00%(objectname)%00%(upstream:track)%00%(upstream:remotename)%00%(upstream:remoteref) refs/heads/main refs/remotes/main [3ms]
2025-11-20 22:07:02.422 [info] > git status -z -uall [9ms]
2025-11-20 22:07:02.424 [info] > git for-each-ref --sort -committerdate --format %(refname)%00%(objectname)%00%(*objectname) [3ms]
2025-11-20 22:07:53.981 [info] > git for-each-ref --format=%(refname)%00%(upstream:short)%00%(objectname)%00%(upstream:track)%00%(upstream:remotename)%00%(upstream:remoteref) refs/heads/main refs/remotes/main [4ms]
2025-11-20 22:07:53.983 [info] > git config --get commit.template [30ms]
2025-11-20 22:07:54.012 [info] > git status -z -uall [10ms]
2025-11-20 22:07:54.014 [info] > git ls-files --stage -- src/app/api/blog/[slug]/route.js [21ms]
2025-11-20 22:07:54.021 [info] > git for-each-ref --sort -committerdate --format %(refname)%00%(objectname)%00%(*objectname) [11ms]
2025-11-20 22:07:54.025 [info] > git cat-file -s 71ecced8b4ce94a30d1fef1d41d8c79c1fba2878 [4ms]
2025-11-20 22:07:54.054 [info] > git show --textconv :src/app/api/blog/[slug]/route.js [2ms]
2025-11-20 22:08:05.735 [info] > git check-ignore -v -z --stdin [2ms]
2025-11-20 22:08:07.573 [info] > git show --textconv :src/app/page.jsx [8ms]
2025-11-20 22:08:07.577 [info] > git ls-files --stage -- src/app/page.jsx [5ms]
2025-11-20 22:08:07.588 [info] > git cat-file -s 6befe5faaed4d258b047ed42b307060d41acfcc1 [3ms]
2025-11-20 22:08:07.627 [info] > git blame --root --incremental 2d0cac473fd1e3c85ca6e7f3ea7a5766dcfef577 -- src/app/page.jsx [7ms]
2025-11-20 22:08:27.001 [info] > git show --textconv :src/components/Hero.jsx [28ms]
2025-11-20 22:08:27.003 [info] > git ls-files --stage -- src/components/Hero.jsx [12ms]
2025-11-20 22:08:27.021 [info] > git cat-file -s 21e1005a8c50dc5883c9586a04b4744da107dba9 [7ms]
2025-11-20 22:08:27.177 [info] > git blame --root --incremental 2d0cac473fd1e3c85ca6e7f3ea7a5766dcfef577 -- src/components/Hero.jsx [5ms]
2025-11-20 22:09:42.368 [info] > git config --get commit.template [6ms]
2025-11-20 22:09:42.369 [info] > git for-each-ref --format=%(refname)%00%(upstream:short)%00%(objectname)%00%(upstream:track)%00%(upstream:remotename)%00%(upstream:remoteref) refs/heads/main refs/remotes/main [2ms]
2025-11-20 22:09:42.380 [info] > git status -z -uall [6ms]
2025-11-20 22:09:42.381 [info] > git for-each-ref --sort -committerdate --format %(refname)%00%(objectname)%00%(*objectname) [2ms]
2025-11-20 22:10:10.521 [info] > git config --get commit.template [9ms]
2025-11-20 22:10:10.545 [info] > git for-each-ref --format=%(refname)%00%(upstream:short)%00%(objectname)%00%(upstream:track)%00%(upstream:remotename)%00%(upstream:remoteref) refs/heads/main refs/remotes/main [12ms]
2025-11-20 22:10:10.607 [info] > git status -z -uall [43ms]
2025-11-20 22:10:10.607 [info] > git for-each-ref --sort -committerdate --format %(refname)%00%(objectname)%00%(*objectname) [18ms]
2025-11-20 22:10:11.721 [info] > git ls-files --stage -- src/components/Hero.jsx [1ms]
2025-11-20 22:10:11.726 [info] > git cat-file -s 21e1005a8c50dc5883c9586a04b4744da107dba9 [1ms]
2025-11-20 22:10:11.735 [info] > git show --textconv :src/components/Hero.jsx [1ms]
2025-11-20 22:10:14.108 [info] > git fetch [3629ms]
2025-11-20 22:10:14.114 [info] > git config --get commit.template [1ms]
2025-11-20 22:10:14.120 [info] > git for-each-ref --format=%(refname)%00%(upstream:short)%00%(objectname)%00%(upstream:track)%00%(upstream:remotename)%00%(upstream:remoteref) refs/heads/main refs/remotes/main [1ms]
2025-11-20 22:10:14.130 [info] > git status -z -uall [6ms]
2025-11-20 22:10:14.131 [info] > git for-each-ref --sort -committerdate --format %(refname)%00%(objectname)%00%(*objectname) [2ms]
2025-11-20 22:10:14.996 [info] > git ls-files --stage -- src/components/Hero.jsx [3ms]
2025-11-20 22:10:15.004 [info] > git cat-file -s 21e1005a8c50dc5883c9586a04b4744da107dba9 [3ms]
2025-11-20 22:10:15.031 [info] > git show --textconv :src/components/Hero.jsx [2ms]
2025-11-20 22:10:15.633 [info] > git config --get commit.template [11ms]
2025-11-20 22:10:15.634 [info] > git for-each-ref --format=%(refname)%00%(upstream:short)%00%(objectname)%00%(upstream:track)%00%(upstream:remotename)%00%(upstream:remoteref) refs/heads/main refs/remotes/main [2ms]
2025-11-20 22:10:15.651 [info] > git status -z -uall [8ms]
2025-11-20 22:10:15.652 [info] > git for-each-ref --sort -committerdate --format %(refname)%00%(objectname)%00%(*objectname) [2ms]
2025-11-20 22:11:23.738 [info] > git for-each-ref --format=%(refname)%00%(upstream:short)%00%(objectname)%00%(upstream:track)%00%(upstream:remotename)%00%(upstream:remoteref) refs/heads/main refs/remotes/main [6ms]
2025-11-20 22:11:23.744 [info] > git config --get commit.template [28ms]
2025-11-20 22:11:23.780 [info] > git status -z -uall [17ms]
2025-11-20 22:11:23.783 [info] > git for-each-ref --sort -committerdate --format %(refname)%00%(objectname)%00%(*objectname) [4ms]
2025-11-20 22:11:36.174 [info] > git config --get commit.template [11ms]
2025-11-20 22:11:36.192 [info] > git ls-files --stage -- src/components/Hero.jsx [19ms]
2025-11-20 22:11:36.208 [info] > git for-each-ref --format=%(refname)%00%(upstream:short)%00%(objectname)%00%(upstream:track)%00%(upstream:remotename)%00%(upstream:remoteref) refs/heads/main refs/remotes/main [23ms]
2025-11-20 22:11:36.210 [info] > git cat-file -s a96081950aa387c4b0b3bc60ddc24c61cbd78e3a [4ms]
2025-11-20 22:11:36.273 [info] > git status -z -uall [34ms]
2025-11-20 22:11:36.273 [info] > git for-each-ref --sort -committerdate --format %(refname)%00%(objectname)%00%(*objectname) [14ms]
2025-11-20 22:11:36.306 [info] > git show --textconv :src/components/Hero.jsx [34ms]
2025-11-20 22:11:36.306 [info] > git merge-base refs/heads/main refs/remotes/origin/main [7ms]
2025-11-20 22:11:36.316 [info] > git blame --root --incremental 2905f0826629c06b6637b8701dc8e9b9e4ea933b -- src/components/Hero.jsx [26ms]
2025-11-20 22:11:36.325 [info] > git diff --name-status -z --diff-filter=ADMR 2d0cac473fd1e3c85ca6e7f3ea7a5766dcfef577...refs/remotes/origin/main [10ms]
