2025-11-09 11:26:15.858 [info] [main] Log level: Info
2025-11-09 11:26:15.858 [info] [main] Validating found git in: "git"
2025-11-09 11:26:15.858 [info] [main] Using git "2.51.2" from "git"
2025-11-09 11:26:15.858 [info] [Model][doInitialScan] Initial repository scan started
2025-11-09 11:26:15.858 [info] > git rev-parse --show-toplevel [15ms]
2025-11-09 11:26:15.858 [info] > git rev-parse --git-dir --git-common-dir --show-superproject-working-tree [7ms]
2025-11-09 11:26:15.858 [info] [Model][openRepository] Opened repository (path): /home/rick/Desktop/ShooterGame
2025-11-09 11:26:15.858 [info] [Model][openRepository] Opened repository (real path): /home/rick/Desktop/ShooterGame
2025-11-09 11:26:15.858 [info] [Model][openRepository] Opened repository (kind): repository
2025-11-09 11:26:15.858 [info] > git config --get commit.template [24ms]
2025-11-09 11:26:15.858 [info] > git rev-parse --show-toplevel [9ms]
2025-11-09 11:26:15.858 [info] > git rev-parse --show-toplevel [4ms]
2025-11-09 11:26:15.858 [info] [Model][doInitialScan] Initial repository scan completed - repositories (1), closed repositories (0), parent repositories (0), unsafe repositories (0)
2025-11-09 11:26:15.858 [info] > git for-each-ref --format=%(refname)%00%(upstream:short)%00%(objectname)%00%(upstream:track)%00%(upstream:remotename)%00%(upstream:remoteref) refs/heads/main refs/remotes/main [17ms]
2025-11-09 11:26:15.858 [info] > git status -z -uall [30ms]
2025-11-09 11:26:15.858 [info] > git for-each-ref --sort -committerdate --format %(refname)%00%(objectname)%00%(*objectname) [9ms]
2025-11-09 11:26:15.858 [info] > git for-each-ref --format=%(refname)%00%(upstream:short)%00%(objectname)%00%(upstream:track)%00%(upstream:remotename)%00%(upstream:remoteref) refs/heads/main refs/remotes/main [8ms]
2025-11-09 11:26:15.865 [info] > git config --get --local branch.main.vscode-merge-base [45ms]
2025-11-09 11:26:15.865 [warning] [Git][config] git config failed: Failed to execute git
2025-11-09 11:26:15.886 [info] > git config --get commit.template [23ms]
2025-11-09 11:26:16.111 [info] > git for-each-ref --format=%(refname)%00%(upstream:short)%00%(objectname)%00%(upstream:track)%00%(upstream:remotename)%00%(upstream:remoteref) refs/heads/main refs/remotes/main [216ms]
2025-11-09 11:26:16.111 [info] > git reflog main --grep-reflog=branch: Created from *. [235ms]
2025-11-09 11:26:16.170 [info] > git symbolic-ref --short refs/remotes/origin/HEAD [45ms]
2025-11-09 11:26:16.183 [info] > git for-each-ref --format=%(refname)%00%(upstream:short)%00%(objectname)%00%(upstream:track)%00%(upstream:remotename)%00%(upstream:remoteref) refs/heads/origin/main refs/remotes/origin/main [8ms]
2025-11-09 11:26:16.223 [info] > git status -z -uall [18ms]
2025-11-09 11:26:16.224 [info] > git config --add --local branch.main.vscode-merge-base origin/main [33ms]
2025-11-09 11:26:16.230 [info] > git for-each-ref --sort -committerdate --format %(refname)%00%(objectname)%00%(*objectname) [8ms] (cancelled)
2025-11-09 11:26:16.253 [info] > git check-ignore -v -z --stdin [9ms]
2025-11-09 11:26:16.257 [info] > git config --get commit.template [6ms]
2025-11-09 11:26:16.269 [info] > git for-each-ref --format=%(refname)%00%(upstream:short)%00%(objectname)%00%(upstream:track)%00%(upstream:remotename)%00%(upstream:remoteref) refs/heads/main refs/remotes/main [2ms]
2025-11-09 11:26:16.288 [info] > git status -z -uall [12ms]
2025-11-09 11:26:16.292 [info] > git for-each-ref --sort -committerdate --format %(refname)%00%(objectname)%00%(*objectname) [4ms]
2025-11-09 11:26:16.331 [info] > git merge-base refs/heads/main refs/remotes/origin/main [15ms]
2025-11-09 11:26:16.340 [info] > git merge-base refs/heads/main refs/remotes/origin/main [14ms]
2025-11-09 11:26:16.447 [info] > git diff --name-status -z --diff-filter=ADMR 25e040cbf8fff5b8321fac9f2f78721ea1d91224...refs/remotes/origin/main [92ms]
2025-11-09 11:26:16.448 [info] > git diff --name-status -z --diff-filter=ADMR 25e040cbf8fff5b8321fac9f2f78721ea1d91224...refs/remotes/origin/main [109ms]
2025-11-09 11:26:19.280 [info] > git fetch [3680ms]
2025-11-09 11:26:19.290 [info] > git config --get commit.template [5ms]
2025-11-09 11:26:19.290 [info] > git for-each-ref --format=%(refname)%00%(upstream:short)%00%(objectname)%00%(upstream:track)%00%(upstream:remotename)%00%(upstream:remoteref) refs/heads/main refs/remotes/main [1ms]
2025-11-09 11:26:19.300 [info] > git status -z -uall [6ms]
2025-11-09 11:26:19.301 [info] > git for-each-ref --sort -committerdate --format %(refname)%00%(objectname)%00%(*objectname) [2ms]
2025-11-09 11:26:36.445 [info] > git check-ignore -v -z --stdin [1ms]
2025-11-09 11:26:42.701 [info] > git show --textconv :.gitignore [12ms]
2025-11-09 11:26:42.726 [info] > git ls-files --stage -- .gitignore [30ms]
2025-11-09 11:26:42.744 [info] > git hash-object -t tree /dev/null [22ms]
2025-11-09 11:26:42.745 [warning] [GitFileSystemProvider][readFile] File not found - git:/home/rick/Desktop/ShooterGame/.gitignore.git?%7B%22path%22%3A%22%2Fhome%2Frick%2FDesktop%2FShooterGame%2F.gitignore%22%2C%22ref%22%3A%22%22%7D
2025-11-09 11:26:42.750 [info] > git hash-object -t tree /dev/null [8ms]
2025-11-09 11:26:42.750 [warning] [GitFileSystemProvider][stat] File not found - git:/home/rick/Desktop/ShooterGame/.gitignore.git?%7B%22path%22%3A%22%2Fhome%2Frick%2FDesktop%2FShooterGame%2F.gitignore%22%2C%22ref%22%3A%22%22%7D
2025-11-09 11:26:42.813 [info] > git check-ignore -v -z --stdin [2ms]
2025-11-09 11:26:43.435 [info] > git config --get commit.template [7ms]
2025-11-09 11:26:43.436 [info] > git for-each-ref --format=%(refname)%00%(upstream:short)%00%(objectname)%00%(upstream:track)%00%(upstream:remotename)%00%(upstream:remoteref) refs/heads/main refs/remotes/main [2ms]
2025-11-09 11:26:43.448 [info] > git status -z -uall [6ms]
2025-11-09 11:26:43.449 [info] > git for-each-ref --sort -committerdate --format %(refname)%00%(objectname)%00%(*objectname) [3ms]
2025-11-09 11:26:47.277 [info] > git show --textconv :game1/.gitignore [5ms]
2025-11-09 11:26:47.279 [info] > git ls-files --stage -- game1/.gitignore [3ms]
2025-11-09 11:26:47.286 [info] > git cat-file -s 3d9d087db261b54fe638e7a30f0d6ac003926eac [2ms]
2025-11-09 11:26:47.911 [info] > git blame --root --incremental 25e040cbf8fff5b8321fac9f2f78721ea1d91224 -- game1/.gitignore [7ms]
2025-11-09 11:30:30.105 [info] > git fetch [3701ms]
2025-11-09 11:30:30.125 [info] > git config --get commit.template [13ms]
2025-11-09 11:30:30.126 [info] > git for-each-ref --format=%(refname)%00%(upstream:short)%00%(objectname)%00%(upstream:track)%00%(upstream:remotename)%00%(upstream:remoteref) refs/heads/main refs/remotes/main [4ms]
2025-11-09 11:30:30.149 [info] > git status -z -uall [16ms]
2025-11-09 11:30:30.150 [info] > git for-each-ref --sort -committerdate --format %(refname)%00%(objectname)%00%(*objectname) [3ms]
2025-11-09 11:30:37.360 [info] > git show --textconv :game1/.gitignore [17ms]
2025-11-09 11:30:37.360 [info] > git ls-files --stage -- game1/.gitignore [2ms]
2025-11-09 11:30:37.376 [info] > git cat-file -s 3d9d087db261b54fe638e7a30f0d6ac003926eac [4ms]
2025-11-09 11:30:45.797 [info] > git config --get commit.template [2ms]
2025-11-09 11:30:45.818 [info] > git for-each-ref --format=%(refname)%00%(upstream:short)%00%(objectname)%00%(upstream:track)%00%(upstream:remotename)%00%(upstream:remoteref) refs/heads/main refs/remotes/main [6ms]
2025-11-09 11:30:45.832 [info] > git status -z -uall [9ms]
2025-11-09 11:30:45.836 [info] > git for-each-ref --sort -committerdate --format %(refname)%00%(objectname)%00%(*objectname) [5ms]
2025-11-09 11:31:49.314 [info] > git config --get commit.template [3ms]
2025-11-09 11:31:49.324 [info] > git for-each-ref --format=%(refname)%00%(upstream:short)%00%(objectname)%00%(upstream:track)%00%(upstream:remotename)%00%(upstream:remoteref) refs/heads/main refs/remotes/main [2ms]
2025-11-09 11:31:49.338 [info] > git status -z -uall [8ms]
2025-11-09 11:31:49.339 [info] > git for-each-ref --sort -committerdate --format %(refname)%00%(objectname)%00%(*objectname) [3ms]
